mode: atomic
github.com/fivetime/sbw-server/internal/render/desired.go:55.102,58.57 2 35
github.com/fivetime/sbw-server/internal/render/desired.go:58.57,60.10 2 57
github.com/fivetime/sbw-server/internal/render/desired.go:60.10,63.4 2 56
github.com/fivetime/sbw-server/internal/render/desired.go:64.3,64.11 1 57
github.com/fivetime/sbw-server/internal/render/desired.go:68.2,69.41 2 35
github.com/fivetime/sbw-server/internal/render/desired.go:69.41,69.79 1 23
github.com/fivetime/sbw-server/internal/render/desired.go:71.2,71.27 1 35
github.com/fivetime/sbw-server/internal/render/desired.go:71.27,72.23 1 58
github.com/fivetime/sbw-server/internal/render/desired.go:72.23,74.4 1 1
github.com/fivetime/sbw-server/internal/render/desired.go:75.3,76.43 2 57
github.com/fivetime/sbw-server/internal/render/desired.go:76.43,76.109 1 55
github.com/fivetime/sbw-server/internal/render/desired.go:78.3,79.24 2 57
github.com/fivetime/sbw-server/internal/render/desired.go:80.30,81.75 1 53
github.com/fivetime/sbw-server/internal/render/desired.go:81.75,83.5 1 2
github.com/fivetime/sbw-server/internal/render/desired.go:84.30,85.52 1 3
github.com/fivetime/sbw-server/internal/render/desired.go:86.11,87.103 1 1
github.com/fivetime/sbw-server/internal/render/desired.go:91.2,92.27 2 31
github.com/fivetime/sbw-server/internal/render/desired.go:92.27,94.3 1 53
github.com/fivetime/sbw-server/internal/render/desired.go:95.2,95.17 1 31
github.com/fivetime/sbw-server/internal/render/desired.go:109.108,112.57 2 3
github.com/fivetime/sbw-server/internal/render/desired.go:112.57,114.42 2 6
github.com/fivetime/sbw-server/internal/render/desired.go:114.42,114.80 1 0
github.com/fivetime/sbw-server/internal/render/desired.go:115.3,115.28 1 6
github.com/fivetime/sbw-server/internal/render/desired.go:115.28,117.44 2 4
github.com/fivetime/sbw-server/internal/render/desired.go:117.44,117.110 1 2
github.com/fivetime/sbw-server/internal/render/desired.go:118.4,118.15 1 4
github.com/fivetime/sbw-server/internal/render/desired.go:118.15,119.58 1 2
github.com/fivetime/sbw-server/internal/render/desired.go:119.58,121.6 1 0
github.com/fivetime/sbw-server/internal/render/desired.go:122.5,122.13 1 2
github.com/fivetime/sbw-server/internal/render/desired.go:124.4,124.25 1 2
github.com/fivetime/sbw-server/internal/render/desired.go:125.31,126.71 1 2
github.com/fivetime/sbw-server/internal/render/desired.go:126.71,128.6 1 0
github.com/fivetime/sbw-server/internal/render/desired.go:129.31,130.48 1 0
github.com/fivetime/sbw-server/internal/render/desired.go:131.12,132.99 1 0
github.com/fivetime/sbw-server/internal/render/desired.go:135.3,135.13 1 6
github.com/fivetime/sbw-server/internal/render/desired.go:138.2,138.47 1 3
github.com/fivetime/sbw-server/internal/render/desired.go:138.47,140.3 1 0
github.com/fivetime/sbw-server/internal/render/desired.go:141.2,141.45 1 3
github.com/fivetime/sbw-server/internal/render/desired.go:141.45,143.3 1 0
github.com/fivetime/sbw-server/internal/render/desired.go:144.2,144.16 1 3
github.com/fivetime/sbw-server/internal/render/desired.go:160.102,163.42 3 0
github.com/fivetime/sbw-server/internal/render/desired.go:163.42,163.108 1 0
github.com/fivetime/sbw-server/internal/render/desired.go:165.2,165.13 1 0
github.com/fivetime/sbw-server/internal/render/desired.go:165.13,166.59 1 0
github.com/fivetime/sbw-server/internal/render/desired.go:166.59,168.4 1 0
github.com/fivetime/sbw-server/internal/render/desired.go:169.8,170.27 1 0
github.com/fivetime/sbw-server/internal/render/desired.go:171.30,172.73 1 0
github.com/fivetime/sbw-server/internal/render/desired.go:172.73,174.5 1 0
github.com/fivetime/sbw-server/internal/render/desired.go:175.30,176.50 1 0
github.com/fivetime/sbw-server/internal/render/desired.go:177.11,178.123 1 0
github.com/fivetime/sbw-server/internal/render/desired.go:182.2,190.8 1 0
github.com/fivetime/sbw-server/internal/render/desired.go:196.98,201.28 2 56
github.com/fivetime/sbw-server/internal/render/desired.go:201.28,202.38 1 103
github.com/fivetime/sbw-server/internal/render/desired.go:202.38,204.4 1 0
github.com/fivetime/sbw-server/internal/render/desired.go:205.3,206.17 2 103
github.com/fivetime/sbw-server/internal/render/desired.go:206.17,208.4 1 0
github.com/fivetime/sbw-server/internal/render/desired.go:209.3,210.17 2 103
github.com/fivetime/sbw-server/internal/render/desired.go:210.17,212.4 1 0
github.com/fivetime/sbw-server/internal/render/desired.go:213.3,213.60 1 103
github.com/fivetime/sbw-server/internal/render/desired.go:215.2,215.12 1 56
github.com/fivetime/sbw-server/internal/render/desired.go:221.92,222.44 1 2
github.com/fivetime/sbw-server/internal/render/desired.go:222.44,224.3 1 1
github.com/fivetime/sbw-server/internal/render/desired.go:225.2,225.44 1 1
github.com/fivetime/sbw-server/internal/render/desired.go:228.126,229.60 1 55
github.com/fivetime/sbw-server/internal/render/desired.go:229.60,231.3 1 0
github.com/fivetime/sbw-server/internal/render/desired.go:233.2,234.27 2 55
github.com/fivetime/sbw-server/internal/render/desired.go:234.27,235.41 1 1
github.com/fivetime/sbw-server/internal/render/desired.go:235.41,237.4 1 1
github.com/fivetime/sbw-server/internal/render/desired.go:240.2,241.28 2 55
github.com/fivetime/sbw-server/internal/render/desired.go:241.28,245.58 1 102
github.com/fivetime/sbw-server/internal/render/desired.go:245.58,246.12 1 2
github.com/fivetime/sbw-server/internal/render/desired.go:249.3,250.20 2 100
github.com/fivetime/sbw-server/internal/render/desired.go:250.20,252.4 1 1
github.com/fivetime/sbw-server/internal/render/desired.go:253.3,259.28 3 100
github.com/fivetime/sbw-server/internal/render/desired.go:259.28,261.4 1 3
github.com/fivetime/sbw-server/internal/render/desired.go:261.9,263.4 1 97
github.com/fivetime/sbw-server/internal/render/desired.go:266.2,266.12 1 55
github.com/fivetime/sbw-server/internal/render/desired.go:266.12,268.44 2 53
github.com/fivetime/sbw-server/internal/render/desired.go:268.44,270.4 1 1
github.com/fivetime/sbw-server/internal/render/desired.go:271.3,271.28 1 52
github.com/fivetime/sbw-server/internal/render/desired.go:273.2,273.12 1 54
github.com/fivetime/sbw-server/internal/render/desired.go:273.12,275.44 2 3
github.com/fivetime/sbw-server/internal/render/desired.go:275.44,277.4 1 1
github.com/fivetime/sbw-server/internal/render/desired.go:278.3,278.30 1 2
github.com/fivetime/sbw-server/internal/render/desired.go:280.2,280.12 1 53
github.com/fivetime/sbw-server/internal/render/desired.go:283.120,286.28 1 3
github.com/fivetime/sbw-server/internal/render/desired.go:286.28,287.58 1 3
github.com/fivetime/sbw-server/internal/render/desired.go:287.58,288.12 1 0
github.com/fivetime/sbw-server/internal/render/desired.go:290.3,291.36 2 3
github.com/fivetime/sbw-server/internal/render/desired.go:291.36,293.4 1 2
github.com/fivetime/sbw-server/internal/render/desired.go:294.3,294.41 1 3
github.com/fivetime/sbw-server/internal/render/desired.go:294.41,296.4 1 2
github.com/fivetime/sbw-server/internal/render/desired.go:297.3,297.37 1 3
github.com/fivetime/sbw-server/internal/render/desired.go:307.89,310.16 2 112
github.com/fivetime/sbw-server/internal/render/desired.go:310.16,312.14 2 0
github.com/fivetime/sbw-server/internal/render/desired.go:312.14,314.4 1 0
github.com/fivetime/sbw-server/internal/render/desired.go:316.2,328.3 1 112
github.com/fivetime/sbw-server/internal/render/desired.go:331.104,333.16 2 206
github.com/fivetime/sbw-server/internal/render/desired.go:333.16,335.3 1 0
github.com/fivetime/sbw-server/internal/render/desired.go:336.2,342.8 1 206
github.com/fivetime/sbw-server/internal/scheduler/scheduler.go:44.30,44.56 1 0
github.com/fivetime/sbw-server/internal/scheduler/scheduler.go:50.124,51.12 1 604
github.com/fivetime/sbw-server/internal/scheduler/scheduler.go:51.12,53.3 1 0
github.com/fivetime/sbw-server/internal/scheduler/scheduler.go:54.2,60.31 4 604
github.com/fivetime/sbw-server/internal/scheduler/scheduler.go:60.31,61.29 1 1809
github.com/fivetime/sbw-server/internal/scheduler/scheduler.go:61.29,62.12 1 1
github.com/fivetime/sbw-server/internal/scheduler/scheduler.go:64.3,66.17 3 1808
github.com/fivetime/sbw-server/internal/scheduler/scheduler.go:66.17,68.4 1 1
github.com/fivetime/sbw-server/internal/scheduler/scheduler.go:69.3,69.19 1 1807
github.com/fivetime/sbw-server/internal/scheduler/scheduler.go:69.19,71.4 1 1805
github.com/fivetime/sbw-server/internal/scheduler/scheduler.go:73.2,73.19 1 603
github.com/fivetime/sbw-server/internal/scheduler/scheduler.go:73.19,75.3 1 1
github.com/fivetime/sbw-server/internal/scheduler/scheduler.go:83.2,83.20 1 602
github.com/fivetime/sbw-server/internal/scheduler/scheduler.go:83.20,84.42 1 602
github.com/fivetime/sbw-server/internal/scheduler/scheduler.go:84.42,84.81 1 1202
github.com/fivetime/sbw-server/internal/scheduler/scheduler.go:85.3,85.46 1 602
github.com/fivetime/sbw-server/internal/scheduler/scheduler.go:85.46,85.84 1 1202
github.com/fivetime/sbw-server/internal/scheduler/scheduler.go:86.8,87.40 1 0
github.com/fivetime/sbw-server/internal/scheduler/scheduler.go:87.40,88.36 1 0
github.com/fivetime/sbw-server/internal/scheduler/scheduler.go:88.36,90.5 1 0
github.com/fivetime/sbw-server/internal/scheduler/scheduler.go:91.4,91.38 1 0
github.com/fivetime/sbw-server/internal/scheduler/scheduler.go:94.2,95.25 2 602
github.com/fivetime/sbw-server/internal/scheduler/scheduler.go:95.25,97.3 1 1204
github.com/fivetime/sbw-server/internal/scheduler/scheduler.go:98.2,98.17 1 602
github.com/fivetime/sbw-server/internal/coverage/assigner.go:27.61,29.2 1 2
github.com/fivetime/sbw-server/internal/coverage/assigner.go:35.100,37.16 2 11
github.com/fivetime/sbw-server/internal/coverage/assigner.go:37.16,39.3 1 0
github.com/fivetime/sbw-server/internal/coverage/assigner.go:40.2,41.16 2 11
github.com/fivetime/sbw-server/internal/coverage/assigner.go:41.16,43.3 1 0
github.com/fivetime/sbw-server/internal/coverage/assigner.go:44.2,45.25 2 11
github.com/fivetime/sbw-server/internal/coverage/assigner.go:45.25,51.3 1 22
github.com/fivetime/sbw-server/internal/coverage/assigner.go:52.2,52.71 1 11
github.com/fivetime/sbw-server/internal/coverage/coverage.go:49.85,50.11 1 13
github.com/fivetime/sbw-server/internal/coverage/coverage.go:50.11,52.3 1 0
github.com/fivetime/sbw-server/internal/coverage/coverage.go:53.2,53.80 1 13
github.com/fivetime/sbw-server/internal/coverage/coverage.go:59.59,61.16 2 14
github.com/fivetime/sbw-server/internal/coverage/coverage.go:61.16,63.3 1 0
github.com/fivetime/sbw-server/internal/coverage/coverage.go:64.2,65.16 2 14
github.com/fivetime/sbw-server/internal/coverage/coverage.go:65.16,67.3 1 0
github.com/fivetime/sbw-server/internal/coverage/coverage.go:68.2,68.48 1 14
github.com/fivetime/sbw-server/internal/coverage/coverage.go:76.115,77.19 1 2
github.com/fivetime/sbw-server/internal/coverage/coverage.go:77.19,78.58 1 5
github.com/fivetime/sbw-server/internal/coverage/coverage.go:78.58,80.4 1 0
github.com/fivetime/sbw-server/internal/coverage/coverage.go:82.2,84.18 3 2
github.com/fivetime/sbw-server/internal/coverage/coverage.go:84.18,88.3 3 1
github.com/fivetime/sbw-server/internal/coverage/coverage.go:89.2,89.6 1 2
github.com/fivetime/sbw-server/internal/coverage/coverage.go:89.6,90.10 1 6
github.com/fivetime/sbw-server/internal/coverage/coverage.go:91.21,92.10 1 2
github.com/fivetime/sbw-server/internal/coverage/coverage.go:93.27,94.11 1 3
github.com/fivetime/sbw-server/internal/coverage/coverage.go:94.11,96.13 2 1
github.com/fivetime/sbw-server/internal/coverage/coverage.go:98.4,98.12 1 2
github.com/fivetime/sbw-server/internal/coverage/coverage.go:99.15,100.12 1 1
github.com/fivetime/sbw-server/internal/coverage/coverage.go:105.83,107.26 2 14
github.com/fivetime/sbw-server/internal/coverage/coverage.go:107.26,108.50 1 169
github.com/fivetime/sbw-server/internal/coverage/coverage.go:108.50,110.4 1 105
github.com/fivetime/sbw-server/internal/coverage/coverage.go:112.2,112.12 1 14
github.com/fivetime/sbw-server/internal/coverage/coverage.go:117.91,119.16 2 21
github.com/fivetime/sbw-server/internal/coverage/coverage.go:119.16,121.3 1 0
github.com/fivetime/sbw-server/internal/coverage/coverage.go:122.2,122.54 1 21
github.com/fivetime/sbw-server/internal/coverage/coverage.go:126.83,128.16 2 10
github.com/fivetime/sbw-server/internal/coverage/coverage.go:128.16,130.3 1 0
github.com/fivetime/sbw-server/internal/coverage/coverage.go:131.2,131.60 1 10
github.com/fivetime/sbw-server/internal/shard/shard.go:31.44,37.2 5 59375
github.com/fivetime/sbw-server/internal/shard/shard.go:41.29,48.2 6 59375
github.com/fivetime/sbw-server/internal/shard/shard.go:54.66,55.37 1 11375
github.com/fivetime/sbw-server/internal/shard/shard.go:55.37,57.3 1 2
github.com/fivetime/sbw-server/internal/shard/shard.go:58.2,63.32 3 11373
github.com/fivetime/sbw-server/internal/shard/shard.go:63.32,65.3 1 59375
github.com/fivetime/sbw-server/internal/shard/shard.go:66.2,66.41 1 11373
github.com/fivetime/sbw-server/internal/shard/shard.go:66.41,67.35 1 96420
github.com/fivetime/sbw-server/internal/shard/shard.go:67.35,69.4 1 96420
github.com/fivetime/sbw-server/internal/shard/shard.go:70.3,70.37 1 0
github.com/fivetime/sbw-server/internal/shard/shard.go:72.2,72.21 1 11373
github.com/fivetime/sbw-server/internal/shard/shard.go:72.21,74.3 1 1
github.com/fivetime/sbw-server/internal/shard/shard.go:75.2,76.25 2 11373
github.com/fivetime/sbw-server/internal/shard/shard.go:76.25,78.3 1 22749
github.com/fivetime/sbw-server/internal/shard/shard.go:79.2,79.12 1 11373
github.com/fivetime/sbw-server/internal/shard/shard.go:84.66,85.51 1 290
github.com/fivetime/sbw-server/internal/shard/shard.go:85.51,86.16 1 500
github.com/fivetime/sbw-server/internal/shard/shard.go:86.16,88.4 1 160
github.com/fivetime/sbw-server/internal/shard/shard.go:90.2,90.14 1 130
github.com/fivetime/sbw-server/internal/shard/shard.go:95.77,97.26 2 3
github.com/fivetime/sbw-server/internal/shard/shard.go:97.26,98.38 1 90
github.com/fivetime/sbw-server/internal/shard/shard.go:98.38,100.4 1 60
github.com/fivetime/sbw-server/internal/shard/shard.go:102.2,102.12 1 3
github.com/fivetime/sbw-server/internal/shard/shard.go:107.71,109.26 2 1
github.com/fivetime/sbw-server/internal/shard/shard.go:109.26,111.3 1 30
github.com/fivetime/sbw-server/internal/shard/shard.go:112.2,112.12 1 1
github.com/fivetime/sbw-server/internal/liveness/monitor.go:95.32,95.69 1 40
github.com/fivetime/sbw-server/internal/liveness/monitor.go:100.32,104.2 3 2
github.com/fivetime/sbw-server/internal/liveness/monitor.go:110.43,110.95 1 38
github.com/fivetime/sbw-server/internal/liveness/monitor.go:115.33,115.72 1 39
github.com/fivetime/sbw-server/internal/liveness/monitor.go:121.45,121.71 1 21
github.com/fivetime/sbw-server/internal/liveness/monitor.go:121.71,121.86 1 21
github.com/fivetime/sbw-server/internal/liveness/monitor.go:124.39,124.65 1 16
github.com/fivetime/sbw-server/internal/liveness/monitor.go:124.65,124.84 1 16
github.com/fivetime/sbw-server/internal/liveness/monitor.go:132.76,133.26 1 1
github.com/fivetime/sbw-server/internal/liveness/monitor.go:133.26,133.49 1 1
github.com/fivetime/sbw-server/internal/liveness/monitor.go:142.71,143.26 1 1
github.com/fivetime/sbw-server/internal/liveness/monitor.go:143.26,143.43 1 1
github.com/fivetime/sbw-server/internal/liveness/monitor.go:148.47,148.73 1 3
github.com/fivetime/sbw-server/internal/liveness/monitor.go:148.73,148.95 1 3
github.com/fivetime/sbw-server/internal/liveness/monitor.go:153.47,153.73 1 1
github.com/fivetime/sbw-server/internal/liveness/monitor.go:153.73,153.95 1 1
github.com/fivetime/sbw-server/internal/liveness/monitor.go:156.40,156.66 1 0
github.com/fivetime/sbw-server/internal/liveness/monitor.go:156.66,156.79 1 0
github.com/fivetime/sbw-server/internal/liveness/monitor.go:162.31,162.57 1 7
github.com/fivetime/sbw-server/internal/liveness/monitor.go:162.57,162.73 1 7
github.com/fivetime/sbw-server/internal/liveness/monitor.go:167.35,167.61 1 7
github.com/fivetime/sbw-server/internal/liveness/monitor.go:167.61,167.78 1 7
github.com/fivetime/sbw-server/internal/liveness/monitor.go:176.55,176.81 1 1
github.com/fivetime/sbw-server/internal/liveness/monitor.go:176.81,176.101 1 1
github.com/fivetime/sbw-server/internal/liveness/monitor.go:185.47,185.73 1 2
github.com/fivetime/sbw-server/internal/liveness/monitor.go:185.73,185.95 1 2
github.com/fivetime/sbw-server/internal/liveness/monitor.go:191.79,199.25 2 21
github.com/fivetime/sbw-server/internal/liveness/monitor.go:199.25,201.3 1 60
github.com/fivetime/sbw-server/internal/liveness/monitor.go:202.2,202.25 1 21
github.com/fivetime/sbw-server/internal/liveness/monitor.go:202.25,203.16 1 18
github.com/fivetime/sbw-server/internal/liveness/monitor.go:203.16,205.4 1 17
github.com/fivetime/sbw-server/internal/liveness/monitor.go:205.9,207.4 1 1
github.com/fivetime/sbw-server/internal/liveness/monitor.go:209.2,209.18 1 21
github.com/fivetime/sbw-server/internal/liveness/monitor.go:209.18,211.3 1 14
github.com/fivetime/sbw-server/internal/liveness/monitor.go:214.2,215.10 2 21
github.com/fivetime/sbw-server/internal/liveness/monitor.go:219.41,220.20 1 24
github.com/fivetime/sbw-server/internal/liveness/monitor.go:220.20,222.3 1 16
github.com/fivetime/sbw-server/internal/liveness/monitor.go:223.2,223.16 1 8
github.com/fivetime/sbw-server/internal/liveness/monitor.go:226.49,228.9 2 56
github.com/fivetime/sbw-server/internal/liveness/monitor.go:228.9,231.3 2 22
github.com/fivetime/sbw-server/internal/liveness/monitor.go:232.2,232.10 1 56
github.com/fivetime/sbw-server/internal/liveness/monitor.go:238.65,250.34 11 3
github.com/fivetime/sbw-server/internal/liveness/monitor.go:250.34,253.3 2 1
github.com/fivetime/sbw-server/internal/liveness/monitor.go:259.69,265.13 6 22
github.com/fivetime/sbw-server/internal/liveness/monitor.go:265.13,267.3 1 0
github.com/fivetime/sbw-server/internal/liveness/monitor.go:268.2,270.34 2 22
github.com/fivetime/sbw-server/internal/liveness/monitor.go:270.34,273.3 2 0
github.com/fivetime/sbw-server/internal/liveness/monitor.go:280.60,284.19 4 4
github.com/fivetime/sbw-server/internal/liveness/monitor.go:284.19,286.3 1 1
github.com/fivetime/sbw-server/internal/liveness/monitor.go:287.2,287.15 1 4
github.com/fivetime/sbw-server/internal/liveness/monitor.go:294.47,298.2 3 13
github.com/fivetime/sbw-server/internal/liveness/monitor.go:302.45,306.2 3 3
github.com/fivetime/sbw-server/internal/liveness/monitor.go:312.70,313.50 1 8
github.com/fivetime/sbw-server/internal/liveness/monitor.go:313.50,315.3 1 1
github.com/fivetime/sbw-server/internal/liveness/monitor.go:316.2,318.10 3 7
github.com/fivetime/sbw-server/internal/liveness/monitor.go:318.10,320.3 1 5
github.com/fivetime/sbw-server/internal/liveness/monitor.go:320.8,322.3 1 2
github.com/fivetime/sbw-server/internal/liveness/monitor.go:323.2,323.15 1 7
github.com/fivetime/sbw-server/internal/liveness/monitor.go:329.49,333.2 3 3
github.com/fivetime/sbw-server/internal/liveness/monitor.go:337.47,343.2 5 1
github.com/fivetime/sbw-server/internal/liveness/monitor.go:350.50,354.9 4 3
github.com/fivetime/sbw-server/internal/liveness/monitor.go:354.9,356.3 1 0
github.com/fivetime/sbw-server/internal/liveness/monitor.go:357.2,357.34 1 3
github.com/fivetime/sbw-server/internal/liveness/monitor.go:362.45,366.2 3 1
github.com/fivetime/sbw-server/internal/liveness/monitor.go:377.60,387.28 7 37
github.com/fivetime/sbw-server/internal/liveness/monitor.go:387.28,389.3 1 2
github.com/fivetime/sbw-server/internal/liveness/monitor.go:390.2,390.31 1 37
github.com/fivetime/sbw-server/internal/liveness/monitor.go:390.31,391.15 1 37
github.com/fivetime/sbw-server/internal/liveness/monitor.go:391.15,392.12 1 2
github.com/fivetime/sbw-server/internal/liveness/monitor.go:399.3,401.25 2 35
github.com/fivetime/sbw-server/internal/liveness/monitor.go:401.25,403.4 1 2
github.com/fivetime/sbw-server/internal/liveness/monitor.go:407.3,408.19 2 35
github.com/fivetime/sbw-server/internal/liveness/monitor.go:408.19,409.28 1 3
github.com/fivetime/sbw-server/internal/liveness/monitor.go:409.28,411.5 1 2
github.com/fivetime/sbw-server/internal/liveness/monitor.go:411.10,411.52 1 1
github.com/fivetime/sbw-server/internal/liveness/monitor.go:411.52,413.5 1 1
github.com/fivetime/sbw-server/internal/liveness/monitor.go:414.9,416.4 1 32
github.com/fivetime/sbw-server/internal/liveness/monitor.go:426.3,433.20 3 35
github.com/fivetime/sbw-server/internal/liveness/monitor.go:433.20,434.11 1 9
github.com/fivetime/sbw-server/internal/liveness/monitor.go:435.29,436.21 1 5
github.com/fivetime/sbw-server/internal/liveness/monitor.go:437.30,438.22 1 2
github.com/fivetime/sbw-server/internal/liveness/monitor.go:439.48,440.21 1 1
github.com/fivetime/sbw-server/internal/liveness/monitor.go:442.9,444.4 1 26
github.com/fivetime/sbw-server/internal/liveness/monitor.go:446.3,446.46 1 35
github.com/fivetime/sbw-server/internal/liveness/monitor.go:446.46,450.31 4 14
github.com/fivetime/sbw-server/internal/liveness/monitor.go:450.31,452.5 1 8
github.com/fivetime/sbw-server/internal/liveness/monitor.go:453.4,458.11 2 14
github.com/fivetime/sbw-server/internal/liveness/monitor.go:459.19,460.38 1 6
github.com/fivetime/sbw-server/internal/liveness/monitor.go:461.19,462.37 1 1
github.com/fivetime/sbw-server/internal/liveness/monitor.go:463.12,464.42 1 7
github.com/fivetime/sbw-server/internal/liveness/monitor.go:468.2,472.28 2 37
github.com/fivetime/sbw-server/internal/liveness/monitor.go:472.28,473.40 1 2
github.com/fivetime/sbw-server/internal/liveness/monitor.go:473.40,475.4 1 2
github.com/fivetime/sbw-server/internal/liveness/monitor.go:478.2,478.28 1 37
github.com/fivetime/sbw-server/internal/liveness/monitor.go:478.28,484.23 2 14
github.com/fivetime/sbw-server/internal/liveness/monitor.go:484.23,486.4 1 2
github.com/fivetime/sbw-server/internal/liveness/monitor.go:487.3,487.26 1 14
github.com/fivetime/sbw-server/internal/liveness/monitor.go:489.2,489.13 1 37
github.com/fivetime/sbw-server/internal/apiresult/apiresult.go:144.43,144.44 0 1
github.com/fivetime/sbw-server/internal/apiresult/apiresult.go:166.41,167.27 1 0
github.com/fivetime/sbw-server/internal/apiresult/apiresult.go:167.27,167.40 1 0
github.com/fivetime/sbw-server/internal/apiresult/apiresult.go:174.85,175.23 1 3
github.com/fivetime/sbw-server/internal/apiresult/apiresult.go:175.23,177.3 1 1
github.com/fivetime/sbw-server/internal/apiresult/apiresult.go:178.2,178.17 1 2
github.com/fivetime/sbw-server/internal/apiresult/apiresult.go:178.17,180.3 1 1
github.com/fivetime/sbw-server/internal/apiresult/apiresult.go:181.2,185.16 2 1
github.com/fivetime/sbw-server/internal/apiresult/apiresult.go:185.16,187.3 1 0
github.com/fivetime/sbw-server/internal/apiresult/apiresult.go:188.2,188.60 1 1
github.com/fivetime/sbw-server/internal/apiresult/apiresult.go:188.61,188.62 0 0
github.com/fivetime/sbw-server/internal/apiresult/apiresult.go:189.2,189.25 1 1
github.com/fivetime/sbw-server/internal/apiresult/apiresult.go:189.25,191.3 1 0
github.com/fivetime/sbw-server/internal/apiresult/apiresult.go:192.2,192.15 1 1
github.com/fivetime/sbw-server/internal/apiresult/apiresult.go:202.56,204.16 2 0
github.com/fivetime/sbw-server/internal/apiresult/apiresult.go:204.16,207.3 2 0
github.com/fivetime/sbw-server/internal/apiresult/apiresult.go:213.2,214.19 2 0
github.com/fivetime/sbw-server/internal/apiresult/apiresult.go:214.19,215.28 1 0
github.com/fivetime/sbw-server/internal/apiresult/apiresult.go:215.28,217.4 1 0
github.com/fivetime/sbw-server/internal/apiresult/apiresult.go:217.9,219.4 1 0
github.com/fivetime/sbw-server/internal/apiresult/apiresult.go:221.2,226.61 2 0
github.com/fivetime/sbw-server/internal/apiresult/apiresult.go:226.61,227.18 1 0
github.com/fivetime/sbw-server/internal/apiresult/apiresult.go:227.18,229.4 1 0
github.com/fivetime/sbw-server/internal/apiresult/apiresult.go:235.28,236.21 1 1
github.com/fivetime/sbw-server/internal/apiresult/apiresult.go:236.21,238.3 1 0
github.com/fivetime/sbw-server/internal/apiresult/apiresult.go:239.2,240.18 2 1
github.com/fivetime/sbw-server/internal/ybstore/capcache.go:34.76,35.19 1 1
github.com/fivetime/sbw-server/internal/ybstore/capcache.go:35.19,37.3 1 1
github.com/fivetime/sbw-server/internal/ybstore/capcache.go:38.2,38.110 1 1
github.com/fivetime/sbw-server/internal/ybstore/capcache.go:43.67,44.14 1 0
github.com/fivetime/sbw-server/internal/ybstore/capcache.go:44.14,46.3 1 0
github.com/fivetime/sbw-server/internal/ybstore/capcache.go:47.2,47.10 1 0
github.com/fivetime/sbw-server/internal/ybstore/capcache.go:53.60,55.16 2 0
github.com/fivetime/sbw-server/internal/ybstore/capcache.go:55.16,57.3 1 0
github.com/fivetime/sbw-server/internal/ybstore/capcache.go:58.2,61.12 4 0
github.com/fivetime/sbw-server/internal/ybstore/capcache.go:66.55,70.2 3 2
github.com/fivetime/sbw-server/internal/ybstore/capcache.go:75.50,76.59 1 0
github.com/fivetime/sbw-server/internal/ybstore/capcache.go:76.59,80.3 1 0
github.com/fivetime/sbw-server/internal/ybstore/capcache.go:81.2,83.6 3 0
github.com/fivetime/sbw-server/internal/ybstore/capcache.go:83.6,84.10 1 0
github.com/fivetime/sbw-server/internal/ybstore/capcache.go:85.21,86.10 1 0
github.com/fivetime/sbw-server/internal/ybstore/capcache.go:87.14,88.61 1 0
github.com/fivetime/sbw-server/internal/ybstore/capcache.go:88.61,90.5 1 0
github.com/fivetime/sbw-server/internal/ybstore/mem.go:29.20,31.2 1 0
github.com/fivetime/sbw-server/internal/ybstore/mem.go:36.45,40.28 4 0
github.com/fivetime/sbw-server/internal/ybstore/mem.go:40.28,41.24 1 0
github.com/fivetime/sbw-server/internal/ybstore/mem.go:41.24,43.4 1 0
github.com/fivetime/sbw-server/internal/ybstore/mem.go:45.2,45.13 1 0
github.com/fivetime/sbw-server/internal/ybstore/mem.go:50.54,52.29 2 0
github.com/fivetime/sbw-server/internal/ybstore/mem.go:52.29,53.38 1 0
github.com/fivetime/sbw-server/internal/ybstore/mem.go:53.38,55.4 1 0
github.com/fivetime/sbw-server/internal/ybstore/mem.go:57.2,57.15 1 0
github.com/fivetime/sbw-server/internal/ybstore/mem.go:60.81,62.30 2 0
github.com/fivetime/sbw-server/internal/ybstore/mem.go:62.30,63.68 1 0
github.com/fivetime/sbw-server/internal/ybstore/mem.go:63.68,65.4 1 0
github.com/fivetime/sbw-server/internal/ybstore/mem.go:67.2,67.12 1 0
github.com/fivetime/sbw-server/internal/ybstore/mem.go:70.79,75.2 4 0
github.com/fivetime/sbw-server/internal/ybstore/mem.go:77.89,80.39 3 0
github.com/fivetime/sbw-server/internal/ybstore/mem.go:80.39,82.3 1 0
github.com/fivetime/sbw-server/internal/ybstore/mem.go:83.2,83.65 1 0
github.com/fivetime/sbw-server/internal/ybstore/mem.go:83.65,85.3 1 0
github.com/fivetime/sbw-server/internal/ybstore/mem.go:86.2,90.12 5 0
github.com/fivetime/sbw-server/internal/ybstore/mem.go:93.89,96.40 3 0
github.com/fivetime/sbw-server/internal/ybstore/mem.go:96.40,98.3 1 0
github.com/fivetime/sbw-server/internal/ybstore/mem.go:99.2,99.65 1 0
github.com/fivetime/sbw-server/internal/ybstore/mem.go:99.65,101.3 1 0
github.com/fivetime/sbw-server/internal/ybstore/mem.go:102.2,106.12 5 0
github.com/fivetime/sbw-server/internal/ybstore/mem.go:109.97,113.9 4 0
github.com/fivetime/sbw-server/internal/ybstore/mem.go:113.9,115.3 1 0
github.com/fivetime/sbw-server/internal/ybstore/mem.go:116.2,117.39 2 0
github.com/fivetime/sbw-server/internal/ybstore/mem.go:117.39,118.27 1 0
github.com/fivetime/sbw-server/internal/ybstore/mem.go:118.27,119.12 1 0
github.com/fivetime/sbw-server/internal/ybstore/mem.go:121.3,121.27 1 0
github.com/fivetime/sbw-server/internal/ybstore/mem.go:123.2,126.12 4 0
github.com/fivetime/sbw-server/internal/ybstore/mem.go:129.71,129.99 1 0
github.com/fivetime/sbw-server/internal/ybstore/mem.go:131.66,137.2 5 0
github.com/fivetime/sbw-server/internal/ybstore/mem.go:139.90,141.2 1 0
github.com/fivetime/sbw-server/internal/ybstore/mem.go:143.92,145.2 1 0
github.com/fivetime/sbw-server/internal/ybstore/mem.go:147.69,151.28 4 0
github.com/fivetime/sbw-server/internal/ybstore/mem.go:151.28,152.71 1 0
github.com/fivetime/sbw-server/internal/ybstore/mem.go:152.71,156.4 3 0
github.com/fivetime/sbw-server/internal/ybstore/mem.go:158.2,158.38 1 0
github.com/fivetime/sbw-server/internal/ybstore/mem.go:158.38,158.70 1 0
github.com/fivetime/sbw-server/internal/ybstore/mem.go:159.2,159.12 1 0
github.com/fivetime/sbw-server/internal/ybstore/mem.go:162.93,166.9 4 0
github.com/fivetime/sbw-server/internal/ybstore/mem.go:166.9,168.3 1 0
github.com/fivetime/sbw-server/internal/ybstore/mem.go:169.2,172.14 1 0
github.com/fivetime/sbw-server/internal/ybstore/mem.go:175.136,178.44 3 0
github.com/fivetime/sbw-server/internal/ybstore/mem.go:178.44,180.3 1 0
github.com/fivetime/sbw-server/internal/ybstore/mem.go:181.2,182.9 2 0
github.com/fivetime/sbw-server/internal/ybstore/mem.go:182.9,184.3 1 0
github.com/fivetime/sbw-server/internal/ybstore/mem.go:185.2,191.12 7 0
github.com/fivetime/sbw-server/internal/ybstore/mem.go:194.90,197.36 3 0
github.com/fivetime/sbw-server/internal/ybstore/mem.go:197.36,199.3 1 0
github.com/fivetime/sbw-server/internal/ybstore/mem.go:200.2,202.12 3 0
github.com/fivetime/sbw-server/internal/ybstore/mem.go:205.96,209.29 4 0
github.com/fivetime/sbw-server/internal/ybstore/mem.go:209.29,210.44 1 0
github.com/fivetime/sbw-server/internal/ybstore/mem.go:210.44,212.4 1 0
github.com/fivetime/sbw-server/internal/ybstore/mem.go:214.2,214.38 1 0
github.com/fivetime/sbw-server/internal/ybstore/mem.go:214.38,214.64 1 0
github.com/fivetime/sbw-server/internal/ybstore/mem.go:215.2,215.17 1 0
github.com/fivetime/sbw-server/internal/ybstore/mem.go:220.95,224.29 4 0
github.com/fivetime/sbw-server/internal/ybstore/mem.go:224.29,225.24 1 0
github.com/fivetime/sbw-server/internal/ybstore/mem.go:225.24,226.12 1 0
github.com/fivetime/sbw-server/internal/ybstore/mem.go:228.3,231.5 1 0
github.com/fivetime/sbw-server/internal/ybstore/mem.go:233.2,233.38 1 0
github.com/fivetime/sbw-server/internal/ybstore/mem.go:233.38,233.78 1 0
github.com/fivetime/sbw-server/internal/ybstore/mem.go:234.2,234.17 1 0
github.com/fivetime/sbw-server/internal/ybstore/mem.go:237.59,241.28 4 0
github.com/fivetime/sbw-server/internal/ybstore/mem.go:241.28,243.3 1 0
github.com/fivetime/sbw-server/internal/ybstore/mem.go:244.2,244.38 1 0
github.com/fivetime/sbw-server/internal/ybstore/mem.go:244.38,244.80 1 0
github.com/fivetime/sbw-server/internal/ybstore/mem.go:245.2,245.17 1 0
github.com/fivetime/sbw-server/internal/ybstore/mem.go:248.68,252.26 4 0
github.com/fivetime/sbw-server/internal/ybstore/mem.go:252.26,254.3 1 0
github.com/fivetime/sbw-server/internal/ybstore/mem.go:255.2,255.38 1 0
github.com/fivetime/sbw-server/internal/ybstore/mem.go:255.38,255.64 1 0
github.com/fivetime/sbw-server/internal/ybstore/mem.go:256.2,256.17 1 0
github.com/fivetime/sbw-server/internal/ybstore/mem.go:259.123,264.28 5 0
github.com/fivetime/sbw-server/internal/ybstore/mem.go:264.28,265.31 1 0
github.com/fivetime/sbw-server/internal/ybstore/mem.go:265.31,266.12 1 0
github.com/fivetime/sbw-server/internal/ybstore/mem.go:268.3,268.38 1 0
github.com/fivetime/sbw-server/internal/ybstore/mem.go:268.38,269.31 1 0
github.com/fivetime/sbw-server/internal/ybstore/mem.go:269.31,270.61 1 0
github.com/fivetime/sbw-server/internal/ybstore/mem.go:270.61,273.6 2 0
github.com/fivetime/sbw-server/internal/ybstore/mem.go:277.2,277.38 1 0
github.com/fivetime/sbw-server/internal/ybstore/mem.go:277.38,277.96 1 0
github.com/fivetime/sbw-server/internal/ybstore/mem.go:278.2,278.17 1 0
github.com/fivetime/sbw-server/internal/ybstore/ybstore.go:147.37,147.87 1 0
github.com/fivetime/sbw-server/internal/ybstore/ybstore.go:151.51,152.14 1 0
github.com/fivetime/sbw-server/internal/ybstore/ybstore.go:152.14,154.3 1 0
github.com/fivetime/sbw-server/internal/ybstore/ybstore.go:155.2,155.10 1 0
github.com/fivetime/sbw-server/internal/ybstore/ybstore.go:169.70,171.16 2 0
github.com/fivetime/sbw-server/internal/ybstore/ybstore.go:171.16,173.3 1 0
github.com/fivetime/sbw-server/internal/ybstore/ybstore.go:176.2,176.46 1 0
github.com/fivetime/sbw-server/internal/ybstore/ybstore.go:176.46,178.3 1 0
github.com/fivetime/sbw-server/internal/ybstore/ybstore.go:179.2,180.16 2 0
github.com/fivetime/sbw-server/internal/ybstore/ybstore.go:180.16,182.3 1 0
github.com/fivetime/sbw-server/internal/ybstore/ybstore.go:183.2,183.39 1 0
github.com/fivetime/sbw-server/internal/ybstore/ybstore.go:183.39,186.3 2 0
github.com/fivetime/sbw-server/internal/ybstore/ybstore.go:187.2,187.18 1 0
github.com/fivetime/sbw-server/internal/ybstore/ybstore.go:204.91,207.16 3 0
github.com/fivetime/sbw-server/internal/ybstore/ybstore.go:207.16,209.3 1 0
github.com/fivetime/sbw-server/internal/ybstore/ybstore.go:211.2,212.16 2 0
github.com/fivetime/sbw-server/internal/ybstore/ybstore.go:212.16,214.3 1 0
github.com/fivetime/sbw-server/internal/ybstore/ybstore.go:215.2,227.16 3 0
github.com/fivetime/sbw-server/internal/ybstore/ybstore.go:227.16,229.3 1 0
github.com/fivetime/sbw-server/internal/ybstore/ybstore.go:230.2,230.28 1 0
github.com/fivetime/sbw-server/internal/ybstore/ybstore.go:230.28,233.3 1 0
github.com/fivetime/sbw-server/internal/ybstore/ybstore.go:235.2,235.28 1 0
github.com/fivetime/sbw-server/internal/ybstore/ybstore.go:235.28,240.17 2 0
github.com/fivetime/sbw-server/internal/ybstore/ybstore.go:240.17,241.30 1 0
github.com/fivetime/sbw-server/internal/ybstore/ybstore.go:241.30,243.5 1 0
github.com/fivetime/sbw-server/internal/ybstore/ybstore.go:244.4,244.92 1 0
github.com/fivetime/sbw-server/internal/ybstore/ybstore.go:248.2,248.39 1 0
github.com/fivetime/sbw-server/internal/ybstore/ybstore.go:248.39,250.3 1 0
github.com/fivetime/sbw-server/internal/ybstore/ybstore.go:251.2,251.12 1 0
github.com/fivetime/sbw-server/internal/ybstore/ybstore.go:275.91,278.16 3 0
github.com/fivetime/sbw-server/internal/ybstore/ybstore.go:278.16,280.3 1 0
github.com/fivetime/sbw-server/internal/ybstore/ybstore.go:282.2,283.16 2 0
github.com/fivetime/sbw-server/internal/ybstore/ybstore.go:283.16,285.3 1 0
github.com/fivetime/sbw-server/internal/ybstore/ybstore.go:286.2,295.16 3 0
github.com/fivetime/sbw-server/internal/ybstore/ybstore.go:295.16,297.3 1 0
github.com/fivetime/sbw-server/internal/ybstore/ybstore.go:298.2,298.28 1 0
github.com/fivetime/sbw-server/internal/ybstore/ybstore.go:298.28,300.3 1 0
github.com/fivetime/sbw-server/internal/ybstore/ybstore.go:307.2,308.16 2 0
github.com/fivetime/sbw-server/internal/ybstore/ybstore.go:308.16,310.3 1 0
github.com/fivetime/sbw-server/internal/ybstore/ybstore.go:311.2,312.18 2 0
github.com/fivetime/sbw-server/internal/ybstore/ybstore.go:312.18,314.39 2 0
github.com/fivetime/sbw-server/internal/ybstore/ybstore.go:314.39,317.4 2 0
github.com/fivetime/sbw-server/internal/ybstore/ybstore.go:318.3,318.22 1 0
github.com/fivetime/sbw-server/internal/ybstore/ybstore.go:320.2,321.35 2 0
github.com/fivetime/sbw-server/internal/ybstore/ybstore.go:321.35,323.3 1 0
github.com/fivetime/sbw-server/internal/ybstore/ybstore.go:324.2,325.28 2 0
github.com/fivetime/sbw-server/internal/ybstore/ybstore.go:325.28,327.3 1 0
github.com/fivetime/sbw-server/internal/ybstore/ybstore.go:328.2,329.24 2 0
github.com/fivetime/sbw-server/internal/ybstore/ybstore.go:329.24,330.27 1 0
github.com/fivetime/sbw-server/internal/ybstore/ybstore.go:330.27,332.4 1 0
github.com/fivetime/sbw-server/internal/ybstore/ybstore.go:334.2,335.21 2 0
github.com/fivetime/sbw-server/internal/ybstore/ybstore.go:335.21,336.30 1 0
github.com/fivetime/sbw-server/internal/ybstore/ybstore.go:336.30,338.4 1 0
github.com/fivetime/sbw-server/internal/ybstore/ybstore.go:341.2,341.22 1 0
github.com/fivetime/sbw-server/internal/ybstore/ybstore.go:341.22,345.17 1 0
github.com/fivetime/sbw-server/internal/ybstore/ybstore.go:345.17,347.4 1 0
github.com/fivetime/sbw-server/internal/ybstore/ybstore.go:353.2,353.20 1 0
github.com/fivetime/sbw-server/internal/ybstore/ybstore.go:353.20,360.17 2 0
github.com/fivetime/sbw-server/internal/ybstore/ybstore.go:360.17,362.4 1 0
github.com/fivetime/sbw-server/internal/ybstore/ybstore.go:363.3,363.42 1 0
github.com/fivetime/sbw-server/internal/ybstore/ybstore.go:363.42,365.4 1 0
github.com/fivetime/sbw-server/internal/ybstore/ybstore.go:368.2,368.39 1 0
github.com/fivetime/sbw-server/internal/ybstore/ybstore.go:368.39,370.3 1 0
github.com/fivetime/sbw-server/internal/ybstore/ybstore.go:371.2,371.12 1 0
github.com/fivetime/sbw-server/internal/ybstore/ybstore.go:383.99,385.16 2 0
github.com/fivetime/sbw-server/internal/ybstore/ybstore.go:385.16,387.3 1 0
github.com/fivetime/sbw-server/internal/ybstore/ybstore.go:388.2,393.16 2 0
github.com/fivetime/sbw-server/internal/ybstore/ybstore.go:393.16,395.3 1 0
github.com/fivetime/sbw-server/internal/ybstore/ybstore.go:401.2,402.106 2 0
github.com/fivetime/sbw-server/internal/ybstore/ybstore.go:402.106,403.36 1 0
github.com/fivetime/sbw-server/internal/ybstore/ybstore.go:403.36,405.4 1 0
github.com/fivetime/sbw-server/internal/ybstore/ybstore.go:406.3,406.67 1 0
github.com/fivetime/sbw-server/internal/ybstore/ybstore.go:408.2,409.51 2 0
github.com/fivetime/sbw-server/internal/ybstore/ybstore.go:409.51,411.3 1 0
github.com/fivetime/sbw-server/internal/ybstore/ybstore.go:412.2,413.37 2 0
github.com/fivetime/sbw-server/internal/ybstore/ybstore.go:413.37,414.25 1 0
github.com/fivetime/sbw-server/internal/ybstore/ybstore.go:414.25,415.12 1 0
github.com/fivetime/sbw-server/internal/ybstore/ybstore.go:417.3,417.25 1 0
github.com/fivetime/sbw-server/internal/ybstore/ybstore.go:419.2,421.16 3 0
github.com/fivetime/sbw-server/internal/ybstore/ybstore.go:421.16,423.3 1 0
github.com/fivetime/sbw-server/internal/ybstore/ybstore.go:424.2,426.16 1 0
github.com/fivetime/sbw-server/internal/ybstore/ybstore.go:426.16,428.3 1 0
github.com/fivetime/sbw-server/internal/ybstore/ybstore.go:429.2,429.39 1 0
github.com/fivetime/sbw-server/internal/ybstore/ybstore.go:429.39,431.3 1 0
github.com/fivetime/sbw-server/internal/ybstore/ybstore.go:432.2,432.12 1 0
github.com/fivetime/sbw-server/internal/ybstore/ybstore.go:438.92,440.2 1 0
github.com/fivetime/sbw-server/internal/ybstore/ybstore.go:444.94,446.2 1 0
github.com/fivetime/sbw-server/internal/ybstore/ybstore.go:453.97,454.75 1 0
github.com/fivetime/sbw-server/internal/ybstore/ybstore.go:454.75,454.122 1 0
github.com/fivetime/sbw-server/internal/ybstore/ybstore.go:457.101,461.16 2 0
github.com/fivetime/sbw-server/internal/ybstore/ybstore.go:461.16,463.3 1 0
github.com/fivetime/sbw-server/internal/ybstore/ybstore.go:464.2,466.18 3 0
github.com/fivetime/sbw-server/internal/ybstore/ybstore.go:466.18,475.80 2 0
github.com/fivetime/sbw-server/internal/ybstore/ybstore.go:475.80,477.4 1 0
github.com/fivetime/sbw-server/internal/ybstore/ybstore.go:478.3,479.52 2 0
github.com/fivetime/sbw-server/internal/ybstore/ybstore.go:479.52,481.12 2 0
github.com/fivetime/sbw-server/internal/ybstore/ybstore.go:483.3,484.20 2 0
github.com/fivetime/sbw-server/internal/ybstore/ybstore.go:484.20,486.4 1 0
github.com/fivetime/sbw-server/internal/ybstore/ybstore.go:487.3,487.25 1 0
github.com/fivetime/sbw-server/internal/ybstore/ybstore.go:489.2,489.24 1 0
github.com/fivetime/sbw-server/internal/ybstore/ybstore.go:495.99,496.68 1 0
github.com/fivetime/sbw-server/internal/ybstore/ybstore.go:496.68,496.108 1 0
github.com/fivetime/sbw-server/internal/ybstore/ybstore.go:499.103,501.16 2 0
github.com/fivetime/sbw-server/internal/ybstore/ybstore.go:501.16,503.3 1 0
github.com/fivetime/sbw-server/internal/ybstore/ybstore.go:504.2,507.18 3 0
github.com/fivetime/sbw-server/internal/ybstore/ybstore.go:507.18,510.47 3 0
github.com/fivetime/sbw-server/internal/ybstore/ybstore.go:510.47,512.4 1 0
github.com/fivetime/sbw-server/internal/ybstore/ybstore.go:513.3,514.52 2 0
github.com/fivetime/sbw-server/internal/ybstore/ybstore.go:514.52,518.12 2 0
github.com/fivetime/sbw-server/internal/ybstore/ybstore.go:520.3,520.30 1 0
github.com/fivetime/sbw-server/internal/ybstore/ybstore.go:522.2,522.35 1 0
github.com/fivetime/sbw-server/internal/ybstore/ybstore.go:522.35,524.3 1 0
github.com/fivetime/sbw-server/internal/ybstore/ybstore.go:525.2,525.38 1 0
github.com/fivetime/sbw-server/internal/ybstore/ybstore.go:525.38,525.70 1 0
github.com/fivetime/sbw-server/internal/ybstore/ybstore.go:526.2,526.17 1 0
github.com/fivetime/sbw-server/internal/ybstore/ybstore.go:531.81,534.35 3 0
github.com/fivetime/sbw-server/internal/ybstore/ybstore.go:534.35,536.3 1 0
github.com/fivetime/sbw-server/internal/ybstore/ybstore.go:537.2,537.16 1 0
github.com/fivetime/sbw-server/internal/ybstore/ybstore.go:537.16,539.3 1 0
github.com/fivetime/sbw-server/internal/ybstore/ybstore.go:540.2,541.51 2 0
github.com/fivetime/sbw-server/internal/ybstore/ybstore.go:541.51,543.3 1 0
github.com/fivetime/sbw-server/internal/ybstore/ybstore.go:544.2,544.23 1 0
github.com/fivetime/sbw-server/internal/ybstore/ybstore.go:553.95,566.35 3 0
github.com/fivetime/sbw-server/internal/ybstore/ybstore.go:566.35,568.3 1 0
github.com/fivetime/sbw-server/internal/ybstore/ybstore.go:569.2,569.16 1 0
github.com/fivetime/sbw-server/internal/ybstore/ybstore.go:569.16,571.3 1 0
github.com/fivetime/sbw-server/internal/ybstore/ybstore.go:572.2,573.51 2 0
github.com/fivetime/sbw-server/internal/ybstore/ybstore.go:573.51,575.3 1 0
github.com/fivetime/sbw-server/internal/ybstore/ybstore.go:576.2,583.19 2 0
github.com/fivetime/sbw-server/internal/ybstore/ybstore.go:583.19,585.3 1 0
github.com/fivetime/sbw-server/internal/ybstore/ybstore.go:591.2,591.12 1 0
github.com/fivetime/sbw-server/internal/ybstore/ybstore.go:591.12,593.3 1 0
github.com/fivetime/sbw-server/internal/ybstore/ybstore.go:594.2,594.23 1 0
github.com/fivetime/sbw-server/internal/ybstore/ybstore.go:615.138,622.16 4 0
github.com/fivetime/sbw-server/internal/ybstore/ybstore.go:622.16,624.3 1 0
github.com/fivetime/sbw-server/internal/ybstore/ybstore.go:626.2,627.16 2 0
github.com/fivetime/sbw-server/internal/ybstore/ybstore.go:627.16,629.3 1 0
github.com/fivetime/sbw-server/internal/ybstore/ybstore.go:630.2,638.16 3 0
github.com/fivetime/sbw-server/internal/ybstore/ybstore.go:638.16,640.3 1 0
github.com/fivetime/sbw-server/internal/ybstore/ybstore.go:641.2,641.28 1 0
github.com/fivetime/sbw-server/internal/ybstore/ybstore.go:641.28,643.3 1 0
github.com/fivetime/sbw-server/internal/ybstore/ybstore.go:647.2,647.51 1 0
github.com/fivetime/sbw-server/internal/ybstore/ybstore.go:647.51,651.17 1 0
github.com/fivetime/sbw-server/internal/ybstore/ybstore.go:651.17,653.4 1 0
github.com/fivetime/sbw-server/internal/ybstore/ybstore.go:655.2,655.39 1 0
github.com/fivetime/sbw-server/internal/ybstore/ybstore.go:655.39,657.3 1 0
github.com/fivetime/sbw-server/internal/ybstore/ybstore.go:658.2,658.12 1 0
github.com/fivetime/sbw-server/internal/ybstore/ybstore.go:666.92,668.16 2 0
github.com/fivetime/sbw-server/internal/ybstore/ybstore.go:668.16,670.3 1 0
github.com/fivetime/sbw-server/internal/ybstore/ybstore.go:671.2,674.16 3 0
github.com/fivetime/sbw-server/internal/ybstore/ybstore.go:674.16,676.3 1 0
github.com/fivetime/sbw-server/internal/ybstore/ybstore.go:677.2,677.28 1 0
github.com/fivetime/sbw-server/internal/ybstore/ybstore.go:677.28,679.3 1 0
github.com/fivetime/sbw-server/internal/ybstore/ybstore.go:680.2,680.91 1 0
github.com/fivetime/sbw-server/internal/ybstore/ybstore.go:680.91,682.3 1 0
github.com/fivetime/sbw-server/internal/ybstore/ybstore.go:683.2,683.39 1 0
github.com/fivetime/sbw-server/internal/ybstore/ybstore.go:683.39,685.3 1 0
github.com/fivetime/sbw-server/internal/ybstore/ybstore.go:686.2,686.12 1 0
github.com/fivetime/sbw-server/internal/ybstore/ybstore.go:692.98,695.16 2 0
github.com/fivetime/sbw-server/internal/ybstore/ybstore.go:695.16,697.3 1 0
github.com/fivetime/sbw-server/internal/ybstore/ybstore.go:698.2,700.18 3 0
github.com/fivetime/sbw-server/internal/ybstore/ybstore.go:700.18,702.40 2 0
github.com/fivetime/sbw-server/internal/ybstore/ybstore.go:702.40,704.4 1 0
github.com/fivetime/sbw-server/internal/ybstore/ybstore.go:705.3,705.38 1 0
github.com/fivetime/sbw-server/internal/ybstore/ybstore.go:707.2,707.35 1 0
github.com/fivetime/sbw-server/internal/ybstore/ybstore.go:707.35,709.3 1 0
github.com/fivetime/sbw-server/internal/ybstore/ybstore.go:710.2,710.38 1 0
github.com/fivetime/sbw-server/internal/ybstore/ybstore.go:710.38,710.64 1 0
github.com/fivetime/sbw-server/internal/ybstore/ybstore.go:711.2,711.17 1 0
github.com/fivetime/sbw-server/internal/ybstore/ybstore.go:716.70,718.16 2 0
github.com/fivetime/sbw-server/internal/ybstore/ybstore.go:718.16,720.3 1 0
github.com/fivetime/sbw-server/internal/ybstore/ybstore.go:721.2,723.18 3 0
github.com/fivetime/sbw-server/internal/ybstore/ybstore.go:723.18,725.40 2 0
github.com/fivetime/sbw-server/internal/ybstore/ybstore.go:725.40,727.4 1 0
github.com/fivetime/sbw-server/internal/ybstore/ybstore.go:728.3,728.38 1 0
github.com/fivetime/sbw-server/internal/ybstore/ybstore.go:730.2,730.35 1 0
github.com/fivetime/sbw-server/internal/ybstore/ybstore.go:730.35,732.3 1 0
github.com/fivetime/sbw-server/internal/ybstore/ybstore.go:733.2,733.38 1 0
github.com/fivetime/sbw-server/internal/ybstore/ybstore.go:733.38,733.64 1 0
github.com/fivetime/sbw-server/internal/ybstore/ybstore.go:734.2,734.17 1 0
github.com/fivetime/sbw-server/internal/ybstore/ybstore.go:747.73,749.2 1 0
github.com/fivetime/sbw-server/internal/ybstore/ybstore.go:753.68,755.16 2 0
github.com/fivetime/sbw-server/internal/ybstore/ybstore.go:755.16,757.3 1 0
github.com/fivetime/sbw-server/internal/ybstore/ybstore.go:758.2,760.93 2 0
github.com/fivetime/sbw-server/internal/ybstore/ybstore.go:760.93,762.3 1 0
github.com/fivetime/sbw-server/internal/ybstore/ybstore.go:763.2,763.86 1 0
github.com/fivetime/sbw-server/internal/ybstore/ybstore.go:763.86,765.3 1 0
github.com/fivetime/sbw-server/internal/ybstore/ybstore.go:766.2,766.39 1 0
github.com/fivetime/sbw-server/internal/ybstore/ybstore.go:766.39,768.3 1 0
github.com/fivetime/sbw-server/internal/ybstore/ybstore.go:769.2,769.12 1 0
github.com/fivetime/sbw-server/internal/ybstore/ybstore.go:773.61,775.16 2 0
github.com/fivetime/sbw-server/internal/ybstore/ybstore.go:775.16,777.3 1 0
github.com/fivetime/sbw-server/internal/ybstore/ybstore.go:778.2,781.18 3 0
github.com/fivetime/sbw-server/internal/ybstore/ybstore.go:781.18,784.47 3 0
github.com/fivetime/sbw-server/internal/ybstore/ybstore.go:784.47,786.4 1 0
github.com/fivetime/sbw-server/internal/ybstore/ybstore.go:787.3,788.52 2 0
github.com/fivetime/sbw-server/internal/ybstore/ybstore.go:788.52,791.12 2 0
github.com/fivetime/sbw-server/internal/ybstore/ybstore.go:793.3,793.25 1 0
github.com/fivetime/sbw-server/internal/ybstore/ybstore.go:795.2,795.35 1 0
github.com/fivetime/sbw-server/internal/ybstore/ybstore.go:795.35,797.3 1 0
github.com/fivetime/sbw-server/internal/ybstore/ybstore.go:798.2,798.38 1 0
github.com/fivetime/sbw-server/internal/ybstore/ybstore.go:798.38,798.80 1 0
github.com/fivetime/sbw-server/internal/ybstore/ybstore.go:799.2,799.17 1 0
github.com/fivetime/sbw-server/internal/ybstore/ybstore.go:817.125,820.29 3 0
github.com/fivetime/sbw-server/internal/ybstore/ybstore.go:820.29,822.10 2 0
github.com/fivetime/sbw-server/internal/ybstore/ybstore.go:823.41,824.71 1 0
github.com/fivetime/sbw-server/internal/ybstore/ybstore.go:825.41,827.83 2 0
github.com/fivetime/sbw-server/internal/ybstore/ybstore.go:830.2,831.22 2 0
github.com/fivetime/sbw-server/internal/ybstore/ybstore.go:831.22,833.3 1 0
github.com/fivetime/sbw-server/internal/ybstore/ybstore.go:835.2,837.59 3 0
github.com/fivetime/sbw-server/internal/ybstore/ybstore.go:837.59,838.28 1 0
github.com/fivetime/sbw-server/internal/ybstore/ybstore.go:838.28,840.4 1 0
github.com/fivetime/sbw-server/internal/ybstore/ybstore.go:841.3,841.37 1 0
github.com/fivetime/sbw-server/internal/ybstore/ybstore.go:841.37,843.4 1 0
github.com/fivetime/sbw-server/internal/ybstore/ybstore.go:844.3,845.17 2 0
github.com/fivetime/sbw-server/internal/ybstore/ybstore.go:845.17,847.4 1 0
github.com/fivetime/sbw-server/internal/ybstore/ybstore.go:850.3,851.30 2 0
github.com/fivetime/sbw-server/internal/ybstore/ybstore.go:851.30,852.22 1 0
github.com/fivetime/sbw-server/internal/ybstore/ybstore.go:852.22,854.10 2 0
github.com/fivetime/sbw-server/internal/ybstore/ybstore.go:857.3,857.16 1 0
github.com/fivetime/sbw-server/internal/ybstore/ybstore.go:857.16,859.4 1 0
github.com/fivetime/sbw-server/internal/ybstore/ybstore.go:860.3,862.13 3 0
github.com/fivetime/sbw-server/internal/ybstore/ybstore.go:865.2,865.19 1 0
github.com/fivetime/sbw-server/internal/ybstore/ybstore.go:865.19,868.17 2 0
github.com/fivetime/sbw-server/internal/ybstore/ybstore.go:868.17,870.4 1 0
github.com/fivetime/sbw-server/internal/ybstore/ybstore.go:871.3,871.50 1 0
github.com/fivetime/sbw-server/internal/ybstore/ybstore.go:871.50,873.4 1 0
github.com/fivetime/sbw-server/internal/ybstore/ybstore.go:876.2,876.34 1 0
github.com/fivetime/sbw-server/internal/ybstore/ybstore.go:876.34,882.17 2 0
github.com/fivetime/sbw-server/internal/ybstore/ybstore.go:882.17,884.4 1 0
github.com/fivetime/sbw-server/internal/ybstore/ybstore.go:885.3,885.50 1 0
github.com/fivetime/sbw-server/internal/ybstore/ybstore.go:885.50,887.4 1 0
github.com/fivetime/sbw-server/internal/ybstore/ybstore.go:890.2,890.38 1 0
github.com/fivetime/sbw-server/internal/ybstore/ybstore.go:890.38,890.96 1 0
github.com/fivetime/sbw-server/internal/ybstore/ybstore.go:891.2,891.17 1 0
github.com/fivetime/sbw-server/internal/ybstore/ybstore.go:894.79,896.18 2 0
github.com/fivetime/sbw-server/internal/ybstore/ybstore.go:896.18,899.53 3 0
github.com/fivetime/sbw-server/internal/ybstore/ybstore.go:899.53,901.4 1 0
github.com/fivetime/sbw-server/internal/ybstore/ybstore.go:902.3,902.59 1 0
github.com/fivetime/sbw-server/internal/ybstore/ybstore.go:902.59,904.4 1 0
github.com/fivetime/sbw-server/internal/ybstore/ybstore.go:906.2,906.35 1 0
github.com/fivetime/sbw-server/internal/ybstore/ybstore.go:906.35,908.3 1 0
github.com/fivetime/sbw-server/internal/ybstore/ybstore.go:909.2,909.12 1 0
github.com/fivetime/sbw-server/internal/ybstore/ybstore.go:916.81,919.16 2 0
github.com/fivetime/sbw-server/internal/ybstore/ybstore.go:919.16,921.3 1 0
github.com/fivetime/sbw-server/internal/ybstore/ybstore.go:922.2,925.18 3 0
github.com/fivetime/sbw-server/internal/ybstore/ybstore.go:925.18,928.49 3 0
github.com/fivetime/sbw-server/internal/ybstore/ybstore.go:928.49,930.4 1 0
github.com/fivetime/sbw-server/internal/ybstore/ybstore.go:931.3,931.33 1 0
github.com/fivetime/sbw-server/internal/ybstore/ybstore.go:933.2,933.35 1 0
github.com/fivetime/sbw-server/internal/ybstore/ybstore.go:933.35,935.3 1 0
github.com/fivetime/sbw-server/internal/ybstore/ybstore.go:936.2,936.17 1 0
github.com/fivetime/sbw-server/internal/ybstore/ybstore.go:941.35,942.13 1 2
github.com/fivetime/sbw-server/internal/ybstore/ybstore.go:942.13,944.3 1 1
github.com/fivetime/sbw-server/internal/ybstore/ybstore.go:945.2,945.18 1 1
github.com/fivetime/sbw-server/internal/ybstore/ybstore.go:950.40,953.2 2 3
github.com/fivetime/sbw-server/internal/ybstore/ybstore.go:964.36,967.2 2 0
github.com/fivetime/sbw-server/internal/ybstore/ybstore.go:970.81,973.57 3 0
github.com/fivetime/sbw-server/internal/ybstore/ybstore.go:973.57,974.59 1 0
github.com/fivetime/sbw-server/internal/ybstore/ybstore.go:974.59,976.4 1 0
github.com/fivetime/sbw-server/internal/ybstore/ybstore.go:977.3,977.85 1 0
github.com/fivetime/sbw-server/internal/ybstore/ybstore.go:979.2,979.17 1 0
github.com/fivetime/sbw-server/internal/edgever/edgever.go:50.54,52.2 1 3
github.com/fivetime/sbw-server/internal/edgever/edgever.go:54.51,54.83 1 12
github.com/fivetime/sbw-server/internal/edgever/edgever.go:55.51,55.91 1 8
github.com/fivetime/sbw-server/internal/edgever/edgever.go:56.51,56.99 1 6
github.com/fivetime/sbw-server/internal/edgever/edgever.go:68.78,70.34 2 6
github.com/fivetime/sbw-server/internal/edgever/edgever.go:70.34,72.17 2 6
github.com/fivetime/sbw-server/internal/edgever/edgever.go:72.17,74.4 1 0
github.com/fivetime/sbw-server/internal/edgever/edgever.go:75.3,80.17 3 6
github.com/fivetime/sbw-server/internal/edgever/edgever.go:80.17,82.4 1 0
github.com/fivetime/sbw-server/internal/edgever/edgever.go:83.3,83.19 1 6
github.com/fivetime/sbw-server/internal/edgever/edgever.go:83.19,85.4 1 6
github.com/fivetime/sbw-server/internal/edgever/edgever.go:87.2,87.23 1 0
github.com/fivetime/sbw-server/internal/edgever/edgever.go:91.81,94.2 2 2
github.com/fivetime/sbw-server/internal/edgever/edgever.go:97.81,100.2 2 3
github.com/fivetime/sbw-server/internal/edgever/edgever.go:106.81,108.34 2 3
github.com/fivetime/sbw-server/internal/edgever/edgever.go:108.34,110.17 2 3
github.com/fivetime/sbw-server/internal/edgever/edgever.go:110.17,112.4 1 0
github.com/fivetime/sbw-server/internal/edgever/edgever.go:113.3,113.15 1 3
github.com/fivetime/sbw-server/internal/edgever/edgever.go:113.15,115.4 1 1
github.com/fivetime/sbw-server/internal/edgever/edgever.go:116.3,120.17 2 2
github.com/fivetime/sbw-server/internal/edgever/edgever.go:120.17,122.4 1 0
github.com/fivetime/sbw-server/internal/edgever/edgever.go:123.3,123.19 1 2
github.com/fivetime/sbw-server/internal/edgever/edgever.go:123.19,125.4 1 2
github.com/fivetime/sbw-server/internal/edgever/edgever.go:127.2,127.20 1 0
github.com/fivetime/sbw-server/internal/edgever/edgever.go:135.73,138.16 3 1
github.com/fivetime/sbw-server/internal/edgever/edgever.go:138.16,140.3 1 0
github.com/fivetime/sbw-server/internal/edgever/edgever.go:141.2,141.12 1 1
github.com/fivetime/sbw-server/internal/edgever/edgever.go:141.12,143.38 2 1
github.com/fivetime/sbw-server/internal/edgever/edgever.go:143.38,145.11 2 2
github.com/fivetime/sbw-server/internal/edgever/edgever.go:145.11,147.5 1 0
github.com/fivetime/sbw-server/internal/edgever/edgever.go:148.4,149.19 2 2
github.com/fivetime/sbw-server/internal/edgever/edgever.go:149.19,151.5 1 0
github.com/fivetime/sbw-server/internal/edgever/edgever.go:152.4,152.11 1 2
github.com/fivetime/sbw-server/internal/edgever/edgever.go:153.46,154.16 1 2
github.com/fivetime/sbw-server/internal/edgever/edgever.go:155.22,156.17 1 0
github.com/fivetime/sbw-server/internal/edgever/edgever.go:159.3,159.31 1 1
github.com/fivetime/sbw-server/internal/edgever/edgever.go:159.31,160.47 1 1
github.com/fivetime/sbw-server/internal/edgever/edgever.go:160.47,162.5 1 0
github.com/fivetime/sbw-server/internal/edgever/edgever.go:164.3,165.23 2 1
github.com/fivetime/sbw-server/internal/edgever/edgever.go:165.23,166.32 1 1
github.com/fivetime/sbw-server/internal/edgever/edgever.go:166.32,167.40 1 1
github.com/fivetime/sbw-server/internal/edgever/edgever.go:167.40,168.14 1 0
github.com/fivetime/sbw-server/internal/edgever/edgever.go:170.5,170.52 1 1
github.com/fivetime/sbw-server/internal/edgever/edgever.go:170.52,172.6 1 0
github.com/fivetime/sbw-server/internal/edgever/edgever.go:176.2,176.17 1 1
github.com/fivetime/sbw-server/internal/edgever/edgever.go:179.63,181.31 2 2
github.com/fivetime/sbw-server/internal/edgever/edgever.go:181.31,183.3 1 0
github.com/fivetime/sbw-server/internal/edgever/edgever.go:184.2,184.33 1 2
github.com/fivetime/sbw-server/internal/edgever/edgever.go:188.78,190.16 2 14
github.com/fivetime/sbw-server/internal/edgever/edgever.go:190.16,192.3 1 0
github.com/fivetime/sbw-server/internal/edgever/edgever.go:193.2,193.24 1 14
github.com/fivetime/sbw-server/internal/edgever/edgever.go:193.24,195.3 1 6
github.com/fivetime/sbw-server/internal/edgever/edgever.go:196.2,197.16 2 8
github.com/fivetime/sbw-server/internal/edgever/edgever.go:197.16,199.3 1 0
github.com/fivetime/sbw-server/internal/edgever/edgever.go:200.2,200.40 1 8
github.com/fivetime/sbw-server/internal/ledger/ledger.go:79.45,79.70 1 3
github.com/fivetime/sbw-server/internal/ledger/ledger.go:79.70,79.85 1 3
github.com/fivetime/sbw-server/internal/ledger/ledger.go:84.84,86.25 2 3
github.com/fivetime/sbw-server/internal/ledger/ledger.go:86.25,88.3 1 3
github.com/fivetime/sbw-server/internal/ledger/ledger.go:89.2,89.10 1 3
github.com/fivetime/sbw-server/internal/ledger/ledger.go:94.49,94.91 1 273
github.com/fivetime/sbw-server/internal/ledger/ledger.go:96.55,98.2 1 265
github.com/fivetime/sbw-server/internal/ledger/ledger.go:99.38,99.67 1 7
github.com/fivetime/sbw-server/internal/ledger/ledger.go:103.51,107.24 4 4
github.com/fivetime/sbw-server/internal/ledger/ledger.go:107.24,109.3 1 256
github.com/fivetime/sbw-server/internal/ledger/ledger.go:110.2,111.15 2 4
github.com/fivetime/sbw-server/internal/ledger/ledger.go:116.73,119.35 3 4
github.com/fivetime/sbw-server/internal/ledger/ledger.go:119.35,121.3 1 256
github.com/fivetime/sbw-server/internal/ledger/ledger.go:122.2,122.12 1 4
github.com/fivetime/sbw-server/internal/ledger/ledger.go:129.91,134.16 2 4
github.com/fivetime/sbw-server/internal/ledger/ledger.go:134.16,136.3 1 0
github.com/fivetime/sbw-server/internal/ledger/ledger.go:137.2,137.26 1 4
github.com/fivetime/sbw-server/internal/ledger/ledger.go:142.83,145.2 2 0
github.com/fivetime/sbw-server/internal/ledger/ledger.go:150.78,152.16 2 8
github.com/fivetime/sbw-server/internal/ledger/ledger.go:152.16,154.3 1 0
github.com/fivetime/sbw-server/internal/ledger/ledger.go:155.2,156.30 2 8
github.com/fivetime/sbw-server/internal/ledger/ledger.go:156.30,158.17 2 512
github.com/fivetime/sbw-server/internal/ledger/ledger.go:158.17,160.4 1 0
github.com/fivetime/sbw-server/internal/ledger/ledger.go:161.3,161.13 1 512
github.com/fivetime/sbw-server/internal/ledger/ledger.go:163.2,163.19 1 8
github.com/fivetime/sbw-server/internal/ledger/ledger.go:171.109,174.16 3 2
github.com/fivetime/sbw-server/internal/ledger/ledger.go:174.16,176.3 1 0
github.com/fivetime/sbw-server/internal/ledger/ledger.go:177.2,178.21 2 2
github.com/fivetime/sbw-server/internal/ledger/ledger.go:178.21,179.79 1 2
github.com/fivetime/sbw-server/internal/ledger/ledger.go:179.79,181.4 1 0
github.com/fivetime/sbw-server/internal/ledger/ledger.go:182.3,182.35 1 2
github.com/fivetime/sbw-server/internal/ledger/ledger.go:184.2,193.16 2 2
github.com/fivetime/sbw-server/internal/ledger/ledger.go:193.16,195.3 1 0
github.com/fivetime/sbw-server/internal/ledger/ledger.go:196.2,196.27 1 2
github.com/fivetime/sbw-server/internal/ledger/ledger.go:206.60,208.16 2 4
github.com/fivetime/sbw-server/internal/ledger/ledger.go:208.16,210.3 1 0
github.com/fivetime/sbw-server/internal/ledger/ledger.go:211.2,213.30 3 4
github.com/fivetime/sbw-server/internal/ledger/ledger.go:213.30,215.54 2 6
github.com/fivetime/sbw-server/internal/ledger/ledger.go:215.54,216.12 1 0
github.com/fivetime/sbw-server/internal/ledger/ledger.go:218.3,218.54 1 6
github.com/fivetime/sbw-server/internal/ledger/ledger.go:218.54,219.12 1 4
github.com/fivetime/sbw-server/internal/ledger/ledger.go:221.3,222.17 2 2
github.com/fivetime/sbw-server/internal/ledger/ledger.go:222.17,224.4 1 0
github.com/fivetime/sbw-server/internal/ledger/ledger.go:225.3,225.9 1 2
github.com/fivetime/sbw-server/internal/ledger/ledger.go:225.9,229.4 1 2
github.com/fivetime/sbw-server/internal/ledger/ledger.go:231.2,231.15 1 4
github.com/fivetime/sbw-server/internal/registry/registry.go:40.45,40.72 1 2
github.com/fivetime/sbw-server/internal/registry/registry.go:40.72,40.87 1 2
github.com/fivetime/sbw-server/internal/registry/registry.go:43.67,45.25 2 2
github.com/fivetime/sbw-server/internal/registry/registry.go:45.25,47.3 1 2
github.com/fivetime/sbw-server/internal/registry/registry.go:48.2,48.10 1 2
github.com/fivetime/sbw-server/internal/registry/registry.go:51.50,51.96 1 14
github.com/fivetime/sbw-server/internal/registry/registry.go:52.50,52.81 1 2
github.com/fivetime/sbw-server/internal/registry/registry.go:57.95,59.16 2 5
github.com/fivetime/sbw-server/internal/registry/registry.go:59.16,61.3 1 0
github.com/fivetime/sbw-server/internal/registry/registry.go:62.2,63.8 2 5
github.com/fivetime/sbw-server/internal/registry/registry.go:63.8,65.3 1 1
github.com/fivetime/sbw-server/internal/registry/registry.go:66.2,68.12 3 5
github.com/fivetime/sbw-server/internal/registry/registry.go:72.77,75.2 2 1
github.com/fivetime/sbw-server/internal/registry/registry.go:78.85,80.16 2 8
github.com/fivetime/sbw-server/internal/registry/registry.go:80.16,82.3 1 0
github.com/fivetime/sbw-server/internal/registry/registry.go:83.2,83.24 1 8
github.com/fivetime/sbw-server/internal/registry/registry.go:83.24,85.3 1 5
github.com/fivetime/sbw-server/internal/registry/registry.go:86.2,87.62 2 3
github.com/fivetime/sbw-server/internal/registry/registry.go:87.62,89.3 1 0
github.com/fivetime/sbw-server/internal/registry/registry.go:90.2,90.21 1 3
github.com/fivetime/sbw-server/internal/registry/registry.go:96.73,98.16 2 0
github.com/fivetime/sbw-server/internal/registry/registry.go:98.16,100.3 1 0
github.com/fivetime/sbw-server/internal/registry/registry.go:101.2,102.23 2 0
github.com/fivetime/sbw-server/internal/registry/registry.go:102.23,104.3 1 0
github.com/fivetime/sbw-server/internal/registry/registry.go:105.2,105.17 1 0
github.com/fivetime/sbw-server/internal/registry/registry.go:109.63,111.16 2 2
github.com/fivetime/sbw-server/internal/registry/registry.go:111.16,113.3 1 0
github.com/fivetime/sbw-server/internal/registry/registry.go:114.2,115.30 2 2
github.com/fivetime/sbw-server/internal/registry/registry.go:115.30,117.54 2 5
github.com/fivetime/sbw-server/internal/registry/registry.go:117.54,118.12 1 0
github.com/fivetime/sbw-server/internal/registry/registry.go:120.3,120.23 1 5
github.com/fivetime/sbw-server/internal/registry/registry.go:122.2,122.38 1 2
github.com/fivetime/sbw-server/internal/registry/registry.go:122.38,122.78 1 3
github.com/fivetime/sbw-server/internal/registry/registry.go:123.2,123.17 1 2
github.com/fivetime/sbw-server/internal/deathvote/deathvote.go:43.38,43.73 1 11
github.com/fivetime/sbw-server/internal/deathvote/deathvote.go:44.47,46.2 1 4
github.com/fivetime/sbw-server/internal/deathvote/deathvote.go:50.79,52.2 1 5
github.com/fivetime/sbw-server/internal/deathvote/deathvote.go:56.56,57.20 1 3
github.com/fivetime/sbw-server/internal/deathvote/deathvote.go:57.20,59.3 1 0
github.com/fivetime/sbw-server/internal/deathvote/deathvote.go:60.2,61.16 2 3
github.com/fivetime/sbw-server/internal/deathvote/deathvote.go:61.16,63.3 1 0
github.com/fivetime/sbw-server/internal/deathvote/deathvote.go:64.2,65.16 2 3
github.com/fivetime/sbw-server/internal/deathvote/deathvote.go:65.16,67.3 1 0
github.com/fivetime/sbw-server/internal/deathvote/deathvote.go:68.2,69.16 2 3
github.com/fivetime/sbw-server/internal/deathvote/deathvote.go:69.16,71.3 1 0
github.com/fivetime/sbw-server/internal/deathvote/deathvote.go:77.2,77.12 1 3
github.com/fivetime/sbw-server/internal/deathvote/deathvote.go:77.12,78.20 1 3
github.com/fivetime/sbw-server/internal/deathvote/deathvote.go:78.21,79.4 0 3
github.com/fivetime/sbw-server/internal/deathvote/deathvote.go:81.2,82.12 2 3
github.com/fivetime/sbw-server/internal/deathvote/deathvote.go:86.68,87.43 1 3
github.com/fivetime/sbw-server/internal/deathvote/deathvote.go:87.43,89.3 1 0
github.com/fivetime/sbw-server/internal/deathvote/deathvote.go:90.2,90.94 1 3
github.com/fivetime/sbw-server/internal/deathvote/deathvote.go:90.94,92.3 1 0
github.com/fivetime/sbw-server/internal/deathvote/deathvote.go:93.2,93.12 1 3
github.com/fivetime/sbw-server/internal/deathvote/deathvote.go:97.66,98.58 1 1
github.com/fivetime/sbw-server/internal/deathvote/deathvote.go:98.58,100.3 1 0
github.com/fivetime/sbw-server/internal/deathvote/deathvote.go:101.2,101.12 1 1
github.com/fivetime/sbw-server/internal/deathvote/deathvote.go:108.70,112.16 3 2
github.com/fivetime/sbw-server/internal/deathvote/deathvote.go:112.16,114.3 1 0
github.com/fivetime/sbw-server/internal/deathvote/deathvote.go:115.2,115.12 1 2
github.com/fivetime/sbw-server/internal/deathvote/deathvote.go:115.12,117.31 2 2
github.com/fivetime/sbw-server/internal/deathvote/deathvote.go:117.31,118.51 1 1
github.com/fivetime/sbw-server/internal/deathvote/deathvote.go:118.51,119.12 1 1
github.com/fivetime/sbw-server/internal/deathvote/deathvote.go:120.20,120.20 0 1
github.com/fivetime/sbw-server/internal/deathvote/deathvote.go:121.23,122.12 1 0
github.com/fivetime/sbw-server/internal/deathvote/deathvote.go:126.3,127.23 2 2
github.com/fivetime/sbw-server/internal/deathvote/deathvote.go:127.23,128.32 1 2
github.com/fivetime/sbw-server/internal/deathvote/deathvote.go:128.32,130.54 2 2
github.com/fivetime/sbw-server/internal/deathvote/deathvote.go:130.54,131.13 1 2
github.com/fivetime/sbw-server/internal/deathvote/deathvote.go:132.21,132.21 0 2
github.com/fivetime/sbw-server/internal/deathvote/deathvote.go:133.24,134.13 1 0
github.com/fivetime/sbw-server/internal/deathvote/deathvote.go:140.2,140.17 1 2
github.com/fivetime/sbw-server/internal/deathvote/deathvote.go:144.64,146.17 2 3
github.com/fivetime/sbw-server/internal/deathvote/deathvote.go:146.17,148.3 1 0
github.com/fivetime/sbw-server/internal/deathvote/deathvote.go:149.2,150.32 2 3
github.com/fivetime/sbw-server/internal/deathvote/deathvote.go:150.32,152.3 1 0
github.com/fivetime/sbw-server/internal/deathvote/deathvote.go:153.2,153.87 1 3
github.com/fivetime/sbw-server/internal/ctrlreg/ctrlreg.go:39.92,41.25 2 5
github.com/fivetime/sbw-server/internal/ctrlreg/ctrlreg.go:41.25,43.3 1 0
github.com/fivetime/sbw-server/internal/ctrlreg/ctrlreg.go:44.2,44.10 1 5
github.com/fivetime/sbw-server/internal/ctrlreg/ctrlreg.go:47.42,47.78 1 17
github.com/fivetime/sbw-server/internal/ctrlreg/ctrlreg.go:48.42,48.83 1 12
github.com/fivetime/sbw-server/internal/ctrlreg/ctrlreg.go:53.84,55.16 2 6
github.com/fivetime/sbw-server/internal/ctrlreg/ctrlreg.go:55.16,57.3 1 0
github.com/fivetime/sbw-server/internal/ctrlreg/ctrlreg.go:58.2,59.16 2 6
github.com/fivetime/sbw-server/internal/ctrlreg/ctrlreg.go:59.16,61.3 1 0
github.com/fivetime/sbw-server/internal/ctrlreg/ctrlreg.go:62.2,64.101 3 6
github.com/fivetime/sbw-server/internal/ctrlreg/ctrlreg.go:64.101,67.3 2 0
github.com/fivetime/sbw-server/internal/ctrlreg/ctrlreg.go:69.2,70.16 2 6
github.com/fivetime/sbw-server/internal/ctrlreg/ctrlreg.go:70.16,73.3 2 0
github.com/fivetime/sbw-server/internal/ctrlreg/ctrlreg.go:74.2,76.15 3 6
github.com/fivetime/sbw-server/internal/ctrlreg/ctrlreg.go:81.68,83.16 2 16
github.com/fivetime/sbw-server/internal/ctrlreg/ctrlreg.go:83.16,85.3 1 0
github.com/fivetime/sbw-server/internal/ctrlreg/ctrlreg.go:86.2,87.30 2 16
github.com/fivetime/sbw-server/internal/ctrlreg/ctrlreg.go:87.30,89.54 2 17
github.com/fivetime/sbw-server/internal/ctrlreg/ctrlreg.go:89.54,90.12 1 0
github.com/fivetime/sbw-server/internal/ctrlreg/ctrlreg.go:92.3,92.23 1 17
github.com/fivetime/sbw-server/internal/ctrlreg/ctrlreg.go:94.2,94.38 1 16
github.com/fivetime/sbw-server/internal/ctrlreg/ctrlreg.go:94.38,94.70 1 3
github.com/fivetime/sbw-server/internal/ctrlreg/ctrlreg.go:95.2,95.17 1 16
github.com/fivetime/sbw-server/internal/ctrlreg/ctrlreg.go:99.63,101.16 2 13
github.com/fivetime/sbw-server/internal/ctrlreg/ctrlreg.go:101.16,103.3 1 0
github.com/fivetime/sbw-server/internal/ctrlreg/ctrlreg.go:104.2,105.23 2 13
github.com/fivetime/sbw-server/internal/ctrlreg/ctrlreg.go:105.23,107.3 1 14
github.com/fivetime/sbw-server/internal/ctrlreg/ctrlreg.go:108.2,108.17 1 13
github.com/fivetime/sbw-server/internal/ctrlreg/ctrlreg.go:114.78,116.16 2 0
github.com/fivetime/sbw-server/internal/ctrlreg/ctrlreg.go:116.16,118.3 1 0
github.com/fivetime/sbw-server/internal/ctrlreg/ctrlreg.go:119.2,120.23 2 0
github.com/fivetime/sbw-server/internal/ctrlreg/ctrlreg.go:120.23,122.3 1 0
github.com/fivetime/sbw-server/internal/ctrlreg/ctrlreg.go:123.2,123.17 1 0
github.com/fivetime/sbw-server/internal/ctrlreg/ctrlreg.go:129.76,131.16 2 1
github.com/fivetime/sbw-server/internal/ctrlreg/ctrlreg.go:131.16,133.3 1 0
github.com/fivetime/sbw-server/internal/ctrlreg/ctrlreg.go:134.2,137.12 4 1
github.com/fivetime/sbw-server/internal/ctrlreg/ctrlreg.go:137.12,139.17 2 1
github.com/fivetime/sbw-server/internal/ctrlreg/ctrlreg.go:139.17,141.18 2 1
github.com/fivetime/sbw-server/internal/ctrlreg/ctrlreg.go:141.18,142.25 1 0
github.com/fivetime/sbw-server/internal/ctrlreg/ctrlreg.go:142.25,144.6 1 0
github.com/fivetime/sbw-server/internal/ctrlreg/ctrlreg.go:145.5,145.13 1 0
github.com/fivetime/sbw-server/internal/ctrlreg/ctrlreg.go:147.4,147.11 1 1
github.com/fivetime/sbw-server/internal/ctrlreg/ctrlreg.go:148.19,148.19 0 1
github.com/fivetime/sbw-server/internal/ctrlreg/ctrlreg.go:149.22,150.11 1 0
github.com/fivetime/sbw-server/internal/ctrlreg/ctrlreg.go:154.2,154.17 1 1
github.com/fivetime/sbw-server/internal/ctrlreg/ctrlreg.go:166.76,167.6 1 6
github.com/fivetime/sbw-server/internal/ctrlreg/ctrlreg.go:167.6,168.10 1 10
github.com/fivetime/sbw-server/internal/ctrlreg/ctrlreg.go:169.22,170.11 1 5
github.com/fivetime/sbw-server/internal/ctrlreg/ctrlreg.go:170.11,172.5 1 1
github.com/fivetime/sbw-server/internal/ctrlreg/ctrlreg.go:173.17,174.10 1 5
github.com/fivetime/sbw-server/internal/ctrlreg/ctrlreg.go:181.55,182.9 1 5
github.com/fivetime/sbw-server/internal/ctrlreg/ctrlreg.go:183.16,184.13 1 0
github.com/fivetime/sbw-server/internal/ctrlreg/ctrlreg.go:185.10,186.16 1 5
github.com/fivetime/sbw-server/internal/ctrlreg/ctrlreg.go:188.2,190.12 3 5
github.com/fivetime/sbw-server/internal/orchestrator/failover.go:49.102,52.2 2 8
github.com/fivetime/sbw-server/internal/orchestrator/failover.go:66.141,75.16 3 14
github.com/fivetime/sbw-server/internal/orchestrator/failover.go:75.16,77.3 1 0
github.com/fivetime/sbw-server/internal/orchestrator/failover.go:78.2,78.9 1 14
github.com/fivetime/sbw-server/internal/orchestrator/failover.go:78.9,80.3 1 0
github.com/fivetime/sbw-server/internal/orchestrator/failover.go:81.2,82.22 2 14
github.com/fivetime/sbw-server/internal/orchestrator/failover.go:82.22,84.3 1 1
github.com/fivetime/sbw-server/internal/orchestrator/failover.go:85.2,90.88 3 13
github.com/fivetime/sbw-server/internal/orchestrator/failover.go:90.88,92.3 1 0
github.com/fivetime/sbw-server/internal/orchestrator/failover.go:93.2,103.47 7 13
github.com/fivetime/sbw-server/internal/orchestrator/failover.go:110.65,119.20 2 27
github.com/fivetime/sbw-server/internal/orchestrator/failover.go:119.20,121.3 1 22
github.com/fivetime/sbw-server/internal/orchestrator/failover.go:122.2,122.12 1 27
github.com/fivetime/sbw-server/internal/orchestrator/failover.go:134.129,137.16 3 13
github.com/fivetime/sbw-server/internal/orchestrator/failover.go:137.16,139.3 1 0
github.com/fivetime/sbw-server/internal/orchestrator/failover.go:140.2,140.9 1 13
github.com/fivetime/sbw-server/internal/orchestrator/failover.go:140.9,142.3 1 0
github.com/fivetime/sbw-server/internal/orchestrator/failover.go:143.2,145.28 3 13
github.com/fivetime/sbw-server/internal/orchestrator/failover.go:145.28,147.3 1 12
github.com/fivetime/sbw-server/internal/orchestrator/failover.go:149.2,149.66 1 13
github.com/fivetime/sbw-server/internal/orchestrator/failover.go:149.66,151.3 1 1
github.com/fivetime/sbw-server/internal/orchestrator/failover.go:155.2,155.28 1 12
github.com/fivetime/sbw-server/internal/orchestrator/failover.go:155.28,156.22 1 12
github.com/fivetime/sbw-server/internal/orchestrator/failover.go:156.22,159.4 2 0
github.com/fivetime/sbw-server/internal/orchestrator/failover.go:161.2,162.16 2 12
github.com/fivetime/sbw-server/internal/orchestrator/failover.go:162.16,163.37 1 4
github.com/fivetime/sbw-server/internal/orchestrator/failover.go:163.37,165.4 1 4
github.com/fivetime/sbw-server/internal/orchestrator/failover.go:166.3,166.33 1 0
github.com/fivetime/sbw-server/internal/orchestrator/failover.go:168.2,170.72 2 8
github.com/fivetime/sbw-server/internal/orchestrator/failover.go:170.72,172.3 1 8
github.com/fivetime/sbw-server/internal/orchestrator/failover.go:173.2,173.32 1 0
github.com/fivetime/sbw-server/internal/orchestrator/failover.go:182.85,184.2 1 1
github.com/fivetime/sbw-server/internal/orchestrator/failover.go:193.83,196.2 2 3
github.com/fivetime/sbw-server/internal/orchestrator/failover.go:211.96,214.68 2 3
github.com/fivetime/sbw-server/internal/orchestrator/failover.go:214.68,216.3 1 0
github.com/fivetime/sbw-server/internal/orchestrator/failover.go:217.2,217.17 1 3
github.com/fivetime/sbw-server/internal/orchestrator/failover.go:227.83,233.2 2 3
github.com/fivetime/sbw-server/internal/orchestrator/failover.go:251.106,253.26 2 6
github.com/fivetime/sbw-server/internal/orchestrator/failover.go:253.26,254.36 1 0
github.com/fivetime/sbw-server/internal/orchestrator/failover.go:254.36,256.4 1 0
github.com/fivetime/sbw-server/internal/orchestrator/failover.go:268.2,270.16 3 6
github.com/fivetime/sbw-server/internal/orchestrator/failover.go:270.16,272.3 1 0
github.com/fivetime/sbw-server/internal/orchestrator/failover.go:273.2,273.25 1 6
github.com/fivetime/sbw-server/internal/orchestrator/failover.go:273.25,275.24 2 6
github.com/fivetime/sbw-server/internal/orchestrator/failover.go:275.24,277.12 2 0
github.com/fivetime/sbw-server/internal/orchestrator/failover.go:279.3,280.26 2 6
github.com/fivetime/sbw-server/internal/orchestrator/failover.go:280.26,284.48 1 6
github.com/fivetime/sbw-server/internal/orchestrator/failover.go:284.48,285.65 1 2
github.com/fivetime/sbw-server/internal/orchestrator/failover.go:285.65,286.41 1 0
github.com/fivetime/sbw-server/internal/orchestrator/failover.go:286.41,287.15 1 0
github.com/fivetime/sbw-server/internal/orchestrator/failover.go:289.6,290.14 2 0
github.com/fivetime/sbw-server/internal/orchestrator/failover.go:293.4,294.95 2 6
github.com/fivetime/sbw-server/internal/orchestrator/failover.go:294.95,296.13 2 0
github.com/fivetime/sbw-server/internal/orchestrator/failover.go:302.4,302.57 1 6
github.com/fivetime/sbw-server/internal/orchestrator/failover.go:302.57,303.15 1 6
github.com/fivetime/sbw-server/internal/orchestrator/failover.go:303.15,305.6 1 3
github.com/fivetime/sbw-server/internal/orchestrator/failover.go:305.11,311.6 1 3
github.com/fivetime/sbw-server/internal/orchestrator/failover.go:315.4,315.100 1 6
github.com/fivetime/sbw-server/internal/orchestrator/failover.go:315.100,317.5 1 0
github.com/fivetime/sbw-server/internal/orchestrator/failover.go:318.4,318.12 1 6
github.com/fivetime/sbw-server/internal/orchestrator/failover.go:321.3,321.99 1 0
github.com/fivetime/sbw-server/internal/orchestrator/failover.go:321.99,323.4 1 0
github.com/fivetime/sbw-server/internal/orchestrator/failover.go:329.2,330.22 2 6
github.com/fivetime/sbw-server/internal/orchestrator/orchestrator.go:86.47,88.2 1 185
github.com/fivetime/sbw-server/internal/orchestrator/orchestrator.go:200.33,200.64 1 7
github.com/fivetime/sbw-server/internal/orchestrator/orchestrator.go:200.64,200.82 1 7
github.com/fivetime/sbw-server/internal/orchestrator/orchestrator.go:204.58,205.31 1 49
github.com/fivetime/sbw-server/internal/orchestrator/orchestrator.go:205.31,205.50 1 49
github.com/fivetime/sbw-server/internal/orchestrator/orchestrator.go:210.59,211.31 1 0
github.com/fivetime/sbw-server/internal/orchestrator/orchestrator.go:211.31,211.51 1 0
github.com/fivetime/sbw-server/internal/orchestrator/orchestrator.go:215.79,216.31 1 0
github.com/fivetime/sbw-server/internal/orchestrator/orchestrator.go:216.31,216.51 1 0
github.com/fivetime/sbw-server/internal/orchestrator/orchestrator.go:227.47,228.31 1 49
github.com/fivetime/sbw-server/internal/orchestrator/orchestrator.go:228.31,228.51 1 49
github.com/fivetime/sbw-server/internal/orchestrator/orchestrator.go:234.59,235.31 1 11
github.com/fivetime/sbw-server/internal/orchestrator/orchestrator.go:235.31,235.54 1 11
github.com/fivetime/sbw-server/internal/orchestrator/orchestrator.go:241.75,242.31 1 4
github.com/fivetime/sbw-server/internal/orchestrator/orchestrator.go:242.31,242.52 1 4
github.com/fivetime/sbw-server/internal/orchestrator/orchestrator.go:253.117,255.2 1 1
github.com/fivetime/sbw-server/internal/orchestrator/orchestrator.go:260.91,261.25 1 8
github.com/fivetime/sbw-server/internal/orchestrator/orchestrator.go:261.25,263.3 1 1
github.com/fivetime/sbw-server/internal/orchestrator/orchestrator.go:269.118,271.2 1 0
github.com/fivetime/sbw-server/internal/orchestrator/orchestrator.go:275.88,277.2 1 0
github.com/fivetime/sbw-server/internal/orchestrator/orchestrator.go:282.107,283.27 1 26
github.com/fivetime/sbw-server/internal/orchestrator/orchestrator.go:283.27,285.3 1 0
github.com/fivetime/sbw-server/internal/orchestrator/orchestrator.go:289.77,290.23 1 3
github.com/fivetime/sbw-server/internal/orchestrator/orchestrator.go:290.23,292.3 1 0
github.com/fivetime/sbw-server/internal/orchestrator/orchestrator.go:299.79,300.31 1 2
github.com/fivetime/sbw-server/internal/orchestrator/orchestrator.go:300.31,300.56 1 2
github.com/fivetime/sbw-server/internal/orchestrator/orchestrator.go:309.44,309.75 1 49
github.com/fivetime/sbw-server/internal/orchestrator/orchestrator.go:309.75,309.93 1 49
github.com/fivetime/sbw-server/internal/orchestrator/orchestrator.go:315.54,315.72 1 1
github.com/fivetime/sbw-server/internal/orchestrator/orchestrator.go:322.72,325.2 2 49
github.com/fivetime/sbw-server/internal/orchestrator/orchestrator.go:329.57,330.31 1 1
github.com/fivetime/sbw-server/internal/orchestrator/orchestrator.go:330.31,330.56 1 1
github.com/fivetime/sbw-server/internal/orchestrator/orchestrator.go:335.40,336.31 1 0
github.com/fivetime/sbw-server/internal/orchestrator/orchestrator.go:336.31,337.15 1 0
github.com/fivetime/sbw-server/internal/orchestrator/orchestrator.go:337.15,339.4 1 0
github.com/fivetime/sbw-server/internal/orchestrator/orchestrator.go:348.32,349.31 1 49
github.com/fivetime/sbw-server/internal/orchestrator/orchestrator.go:349.31,349.61 1 49
github.com/fivetime/sbw-server/internal/orchestrator/orchestrator.go:349.61,349.68 1 51
github.com/fivetime/sbw-server/internal/orchestrator/orchestrator.go:355.73,355.94 1 0
github.com/fivetime/sbw-server/internal/orchestrator/orchestrator.go:359.99,361.2 1 107
github.com/fivetime/sbw-server/internal/orchestrator/orchestrator.go:364.101,366.2 1 107
github.com/fivetime/sbw-server/internal/orchestrator/orchestrator.go:373.77,377.27 1 49
github.com/fivetime/sbw-server/internal/orchestrator/orchestrator.go:377.27,377.68 1 0
github.com/fivetime/sbw-server/internal/orchestrator/orchestrator.go:380.28,380.38 1 0
github.com/fivetime/sbw-server/internal/orchestrator/orchestrator.go:383.2,383.27 1 49
github.com/fivetime/sbw-server/internal/orchestrator/orchestrator.go:383.27,385.3 1 222
github.com/fivetime/sbw-server/internal/orchestrator/orchestrator.go:386.2,386.10 1 49
github.com/fivetime/sbw-server/internal/orchestrator/orchestrator.go:399.65,403.11 4 162
github.com/fivetime/sbw-server/internal/orchestrator/orchestrator.go:403.11,405.3 1 83
github.com/fivetime/sbw-server/internal/orchestrator/orchestrator.go:406.2,408.12 3 162
github.com/fivetime/sbw-server/internal/orchestrator/orchestrator.go:411.72,413.2 1 110
github.com/fivetime/sbw-server/internal/orchestrator/orchestrator.go:420.83,422.2 1 5
github.com/fivetime/sbw-server/internal/orchestrator/orchestrator.go:431.115,433.16 2 0
github.com/fivetime/sbw-server/internal/orchestrator/orchestrator.go:433.16,435.3 1 0
github.com/fivetime/sbw-server/internal/orchestrator/orchestrator.go:436.2,437.16 2 0
github.com/fivetime/sbw-server/internal/orchestrator/orchestrator.go:437.16,439.3 1 0
github.com/fivetime/sbw-server/internal/orchestrator/orchestrator.go:440.2,442.16 3 0
github.com/fivetime/sbw-server/internal/orchestrator/orchestrator.go:442.16,444.3 1 0
github.com/fivetime/sbw-server/internal/orchestrator/orchestrator.go:445.2,445.56 1 0
github.com/fivetime/sbw-server/internal/orchestrator/orchestrator.go:454.95,455.22 1 0
github.com/fivetime/sbw-server/internal/orchestrator/orchestrator.go:455.22,457.3 1 0
github.com/fivetime/sbw-server/internal/orchestrator/orchestrator.go:458.2,458.37 1 0
github.com/fivetime/sbw-server/internal/orchestrator/orchestrator.go:465.55,470.2 4 0
github.com/fivetime/sbw-server/internal/orchestrator/orchestrator.go:473.54,475.2 1 246
github.com/fivetime/sbw-server/internal/orchestrator/orchestrator.go:483.143,485.16 2 95
[...]
github.com/fivetime/sbw-server/internal/server/desiredfan.go:164.70,168.14 4 0
github.com/fivetime/sbw-server/internal/server/desiredfan.go:168.14,170.3 1 0
github.com/fivetime/sbw-server/internal/server/desiredfan.go:171.2,172.9 2 0
github.com/fivetime/sbw-server/internal/server/desiredfan.go:173.17,174.13 1 0
github.com/fivetime/sbw-server/internal/server/desiredfan.go:175.16,176.26 1 0
github.com/fivetime/sbw-server/internal/server/desiredfan.go:183.75,187.14 4 0
github.com/fivetime/sbw-server/internal/server/desiredfan.go:187.14,189.3 1 0
github.com/fivetime/sbw-server/internal/server/desiredfan.go:190.2,191.26 2 0
github.com/fivetime/sbw-server/internal/server/desiredfan.go:191.26,193.3 1 0
github.com/fivetime/sbw-server/internal/server/desiredfan.go:194.2,195.9 2 0
github.com/fivetime/sbw-server/internal/server/desiredfan.go:196.17,196.17 0 0
github.com/fivetime/sbw-server/internal/server/desiredfan.go:197.16,197.16 0 0
github.com/fivetime/sbw-server/internal/server/expiry.go:16.58,18.2 1 0
github.com/fivetime/sbw-server/internal/server/expiry.go:29.73,38.16 4 0
github.com/fivetime/sbw-server/internal/server/expiry.go:38.16,40.3 1 0
github.com/fivetime/sbw-server/internal/server/expiry.go:41.2,41.25 1 0
github.com/fivetime/sbw-server/internal/server/expiry.go:41.25,43.3 1 0
github.com/fivetime/sbw-server/internal/server/expiry.go:44.2,46.28 3 0
github.com/fivetime/sbw-server/internal/server/expiry.go:46.28,47.38 1 0
github.com/fivetime/sbw-server/internal/server/expiry.go:47.38,48.12 1 0
github.com/fivetime/sbw-server/internal/server/expiry.go:50.3,50.58 1 0
github.com/fivetime/sbw-server/internal/server/expiry.go:50.58,52.12 2 0
github.com/fivetime/sbw-server/internal/server/expiry.go:54.3,59.6 3 0
github.com/fivetime/sbw-server/internal/server/expiry.go:61.2,61.11 1 0
github.com/fivetime/sbw-server/internal/server/expiry.go:61.11,63.3 1 0
github.com/fivetime/sbw-server/internal/server/expiry.go:64.2,64.15 1 0
github.com/fivetime/sbw-server/internal/server/expiry.go:69.86,70.54 1 0
github.com/fivetime/sbw-server/internal/server/expiry.go:70.54,71.50 1 0
github.com/fivetime/sbw-server/internal/server/expiry.go:71.50,73.4 1 0
github.com/fivetime/sbw-server/internal/server/memberedge.go:88.81,89.16 1 2
github.com/fivetime/sbw-server/internal/server/memberedge.go:89.16,91.3 1 0
github.com/fivetime/sbw-server/internal/server/memberedge.go:92.2,92.14 1 2
github.com/fivetime/sbw-server/internal/server/memberedge.go:92.14,94.3 1 0
github.com/fivetime/sbw-server/internal/server/memberedge.go:95.2,100.3 1 2
github.com/fivetime/sbw-server/internal/server/memberedge.go:108.111,113.21 5 6
github.com/fivetime/sbw-server/internal/server/memberedge.go:113.21,116.3 2 2
github.com/fivetime/sbw-server/internal/server/memberedge.go:117.2,119.17 3 6
github.com/fivetime/sbw-server/internal/server/memberedge.go:119.17,122.3 2 3
github.com/fivetime/sbw-server/internal/server/memberedge.go:123.2,125.18 3 6
github.com/fivetime/sbw-server/internal/server/memberedge.go:133.110,137.21 4 0
github.com/fivetime/sbw-server/internal/server/memberedge.go:137.21,139.3 1 0
github.com/fivetime/sbw-server/internal/server/memberedge.go:140.2,141.29 2 0
github.com/fivetime/sbw-server/internal/server/memberedge.go:141.29,143.3 1 0
github.com/fivetime/sbw-server/internal/server/memberedge.go:144.2,145.20 2 0
github.com/fivetime/sbw-server/internal/server/memberedge.go:145.20,147.3 1 0
github.com/fivetime/sbw-server/internal/server/memberedge.go:148.2,148.40 1 0
github.com/fivetime/sbw-server/internal/server/memberedge.go:148.40,150.3 1 0
github.com/fivetime/sbw-server/internal/server/memberedge.go:151.2,151.56 1 0
github.com/fivetime/sbw-server/internal/server/memberedge.go:155.117,158.15 3 6
github.com/fivetime/sbw-server/internal/server/memberedge.go:158.15,161.3 2 2
github.com/fivetime/sbw-server/internal/server/memberedge.go:162.2,162.24 1 6
github.com/fivetime/sbw-server/internal/server/memberedge.go:167.84,169.2 1 1
github.com/fivetime/sbw-server/internal/server/memberedge.go:174.86,175.27 1 0
github.com/fivetime/sbw-server/internal/server/memberedge.go:175.27,177.3 1 0
github.com/fivetime/sbw-server/internal/server/memberedge.go:178.2,181.35 4 0
github.com/fivetime/sbw-server/internal/server/memberedge.go:181.35,183.3 1 0
github.com/fivetime/sbw-server/internal/server/memberedge.go:184.2,184.51 1 0
github.com/fivetime/sbw-server/internal/server/memberedge.go:191.112,195.38 4 0
github.com/fivetime/sbw-server/internal/server/memberedge.go:195.38,197.3 1 0
github.com/fivetime/sbw-server/internal/server/memberedge.go:198.2,198.44 1 0
github.com/fivetime/sbw-server/internal/server/memberedge.go:198.44,199.61 1 0
github.com/fivetime/sbw-server/internal/server/memberedge.go:199.61,201.4 1 0
github.com/fivetime/sbw-server/internal/server/memberedge.go:203.2,203.20 1 0
github.com/fivetime/sbw-server/internal/server/memberedge.go:210.54,215.40 5 3
github.com/fivetime/sbw-server/internal/server/memberedge.go:215.40,216.38 1 3
github.com/fivetime/sbw-server/internal/server/memberedge.go:216.38,223.28 2 4
github.com/fivetime/sbw-server/internal/server/memberedge.go:223.28,224.23 1 5
github.com/fivetime/sbw-server/internal/server/memberedge.go:224.23,226.6 1 2
github.com/fivetime/sbw-server/internal/server/memberedge.go:228.4,228.22 1 4
github.com/fivetime/sbw-server/internal/server/memberedge.go:228.22,230.5 1 1
github.com/fivetime/sbw-server/internal/server/memberedge.go:231.4,231.97 1 4
github.com/fivetime/sbw-server/internal/server/memberedge.go:231.97,233.5 1 1
github.com/fivetime/sbw-server/internal/server/memberedge.go:235.3,235.25 1 3
github.com/fivetime/sbw-server/internal/server/memberedge.go:235.25,237.4 1 0
github.com/fivetime/sbw-server/internal/server/memberedge.go:239.2,239.33 1 3
github.com/fivetime/sbw-server/internal/server/memberedge.go:239.33,240.25 1 3
github.com/fivetime/sbw-server/internal/server/memberedge.go:240.25,241.22 1 4
github.com/fivetime/sbw-server/internal/server/memberedge.go:241.22,243.5 1 1
github.com/fivetime/sbw-server/internal/server/memberedge.go:245.3,245.19 1 3
github.com/fivetime/sbw-server/internal/server/memberedge.go:245.19,247.4 1 0
github.com/fivetime/sbw-server/internal/server/memberedge.go:249.2,249.15 1 3
github.com/fivetime/sbw-server/internal/server/memberedge.go:259.61,260.26 1 11
github.com/fivetime/sbw-server/internal/server/memberedge.go:260.26,261.20 1 8
github.com/fivetime/sbw-server/internal/server/memberedge.go:261.20,263.4 1 5
github.com/fivetime/sbw-server/internal/server/memberedge.go:265.2,265.14 1 6
github.com/fivetime/sbw-server/internal/server/memberedge.go:288.81,289.24 1 0
github.com/fivetime/sbw-server/internal/server/memberedge.go:289.24,291.3 1 0
github.com/fivetime/sbw-server/internal/server/memberedge.go:292.2,294.19 3 0
github.com/fivetime/sbw-server/internal/server/memberedge.go:294.19,296.3 1 0
github.com/fivetime/sbw-server/internal/server/memberedge.go:297.2,299.12 2 0
github.com/fivetime/sbw-server/internal/server/memberedge.go:299.12,300.31 1 0
github.com/fivetime/sbw-server/internal/server/memberedge.go:300.31,302.4 1 0
github.com/fivetime/sbw-server/internal/server/memberedge.go:303.3,303.9 1 0
github.com/fivetime/sbw-server/internal/server/memberedge.go:305.2,305.23 1 0
github.com/fivetime/sbw-server/internal/server/memberedge.go:305.23,307.3 1 0
github.com/fivetime/sbw-server/internal/server/memberedge.go:308.2,308.23 1 0
github.com/fivetime/sbw-server/internal/server/memberedge.go:308.23,311.31 1 0
github.com/fivetime/sbw-server/internal/server/memberedge.go:311.31,313.4 1 0
github.com/fivetime/sbw-server/internal/server/memberedge.go:314.3,315.9 2 0
github.com/fivetime/sbw-server/internal/server/memberedge.go:318.2,318.50 1 0
github.com/fivetime/sbw-server/internal/server/memberedge.go:324.100,326.16 2 0
github.com/fivetime/sbw-server/internal/server/memberedge.go:326.16,328.3 1 0
github.com/fivetime/sbw-server/internal/server/memberedge.go:329.2,329.12 1 0
github.com/fivetime/sbw-server/internal/server/memberedge.go:329.12,332.38 3 0
github.com/fivetime/sbw-server/internal/server/memberedge.go:332.38,334.4 1 0
github.com/fivetime/sbw-server/internal/server/memberedge.go:338.3,338.49 1 0
github.com/fivetime/sbw-server/internal/server/memberedge.go:338.49,340.4 1 0
github.com/fivetime/sbw-server/internal/server/memberedge.go:341.3,341.31 1 0
github.com/fivetime/sbw-server/internal/server/memberedge.go:348.99,350.16 2 0
github.com/fivetime/sbw-server/internal/server/memberedge.go:350.16,352.3 1 0
github.com/fivetime/sbw-server/internal/server/memberedge.go:353.2,353.12 1 0
github.com/fivetime/sbw-server/internal/server/memberedge.go:353.12,356.38 3 0
github.com/fivetime/sbw-server/internal/server/memberedge.go:356.38,358.4 1 0
github.com/fivetime/sbw-server/internal/server/memberedge.go:359.3,359.49 1 0
github.com/fivetime/sbw-server/internal/server/memberedge.go:359.49,361.4 1 0
github.com/fivetime/sbw-server/internal/server/memberedge.go:362.3,362.31 1 0
github.com/fivetime/sbw-server/internal/server/memberedge.go:371.80,372.34 1 0
github.com/fivetime/sbw-server/internal/server/memberedge.go:372.34,374.3 1 0
github.com/fivetime/sbw-server/internal/server/memberedge.go:375.2,375.23 1 0
github.com/fivetime/sbw-server/internal/server/memberedge.go:375.23,378.3 2 0
github.com/fivetime/sbw-server/internal/server/memberedge.go:379.2,379.56 1 0
github.com/fivetime/sbw-server/internal/server/memberedge.go:379.56,381.3 1 0
github.com/fivetime/sbw-server/internal/server/memberedge.go:389.87,390.24 1 0
github.com/fivetime/sbw-server/internal/server/memberedge.go:390.24,392.3 1 0
github.com/fivetime/sbw-server/internal/server/memberedge.go:393.2,393.49 1 0
github.com/fivetime/sbw-server/internal/server/memberedge.go:401.118,403.16 2 0
github.com/fivetime/sbw-server/internal/server/memberedge.go:403.16,405.3 1 0
github.com/fivetime/sbw-server/internal/server/memberedge.go:406.2,406.23 1 0
github.com/fivetime/sbw-server/internal/server/memberedge.go:406.23,407.23 1 0
github.com/fivetime/sbw-server/internal/server/memberedge.go:407.23,408.12 1 0
github.com/fivetime/sbw-server/internal/server/memberedge.go:410.3,411.24 2 0
github.com/fivetime/sbw-server/internal/server/memberedge.go:411.24,413.4 1 0
github.com/fivetime/sbw-server/internal/server/memberedge.go:414.3,414.55 1 0
github.com/fivetime/sbw-server/internal/server/memberedge.go:416.2,416.26 1 0
github.com/fivetime/sbw-server/internal/server/memberedge.go:420.50,422.26 2 0
github.com/fivetime/sbw-server/internal/server/memberedge.go:422.26,423.49 1 0
github.com/fivetime/sbw-server/internal/server/memberedge.go:423.49,425.4 1 0
github.com/fivetime/sbw-server/internal/server/memberedge.go:427.2,427.12 1 0
github.com/fivetime/sbw-server/internal/server/memberedge.go:431.61,433.23 2 0
github.com/fivetime/sbw-server/internal/server/memberedge.go:433.23,435.3 1 0
github.com/fivetime/sbw-server/internal/server/memberedge.go:436.2,436.12 1 0
github.com/fivetime/sbw-server/internal/server/memberedge.go:439.38,440.37 1 0
github.com/fivetime/sbw-server/internal/server/memberedge.go:440.37,441.35 1 0
github.com/fivetime/sbw-server/internal/server/memberedge.go:441.35,443.4 1 0
github.com/fivetime/sbw-server/internal/server/memberedge.go:444.3,444.37 1 0
github.com/fivetime/sbw-server/internal/server/reconaudit.go:65.87,67.16 2 0
github.com/fivetime/sbw-server/internal/server/reconaudit.go:67.16,69.3 1 0
github.com/fivetime/sbw-server/internal/server/reconaudit.go:70.2,71.27 2 0
github.com/fivetime/sbw-server/internal/server/reconaudit.go:71.27,73.53 2 0
github.com/fivetime/sbw-server/internal/server/reconaudit.go:73.53,75.12 2 0
github.com/fivetime/sbw-server/internal/server/reconaudit.go:77.3,78.10 2 0
github.com/fivetime/sbw-server/internal/server/reconaudit.go:78.10,79.12 1 0
github.com/fivetime/sbw-server/internal/server/reconaudit.go:82.3,82.56 1 0
github.com/fivetime/sbw-server/internal/server/reconaudit.go:82.56,84.12 2 0
github.com/fivetime/sbw-server/internal/server/reconaudit.go:95.3,95.62 1 0
github.com/fivetime/sbw-server/internal/server/reconaudit.go:95.62,97.12 2 0
github.com/fivetime/sbw-server/internal/server/reconaudit.go:109.3,109.107 1 0
github.com/fivetime/sbw-server/internal/server/reconaudit.go:109.107,111.12 2 0
github.com/fivetime/sbw-server/internal/server/reconaudit.go:114.3,115.17 2 0
github.com/fivetime/sbw-server/internal/server/reconaudit.go:115.17,117.12 2 0
github.com/fivetime/sbw-server/internal/server/reconaudit.go:120.3,128.10 4 0
github.com/fivetime/sbw-server/internal/server/reconaudit.go:129.24,130.48 1 0
github.com/fivetime/sbw-server/internal/server/reconaudit.go:131.23,132.47 1 0
github.com/fivetime/sbw-server/internal/server/reconaudit.go:133.11,135.12 2 0
github.com/fivetime/sbw-server/internal/server/reconaudit.go:140.3,140.49 1 0
github.com/fivetime/sbw-server/internal/server/reconaudit.go:140.49,142.12 2 0
github.com/fivetime/sbw-server/internal/server/reconaudit.go:144.3,159.10 4 0
github.com/fivetime/sbw-server/internal/server/reconaudit.go:160.35,161.136 1 0
github.com/fivetime/sbw-server/internal/server/reconaudit.go:162.11,163.58 1 0
github.com/fivetime/sbw-server/internal/server/reconaudit.go:163.58,165.5 1 0
github.com/fivetime/sbw-server/internal/server/reconaudit.go:165.10,168.5 2 0
github.com/fivetime/sbw-server/internal/server/reconaudit.go:170.3,170.28 1 0
github.com/fivetime/sbw-server/internal/server/reconaudit.go:170.28,172.4 1 0
github.com/fivetime/sbw-server/internal/server/reconaudit.go:173.3,173.29 1 0
github.com/fivetime/sbw-server/internal/server/reconaudit.go:175.2,175.20 1 0
github.com/fivetime/sbw-server/internal/server/reconaudit.go:180.90,181.54 1 0
github.com/fivetime/sbw-server/internal/server/reconaudit.go:181.54,182.53 1 0
github.com/fivetime/sbw-server/internal/server/reconaudit.go:182.53,184.4 1 0
github.com/fivetime/sbw-server/internal/server/reconaudit.go:188.63,193.2 4 0
github.com/fivetime/sbw-server/internal/server/reconaudit.go:195.60,199.2 3 0
github.com/fivetime/sbw-server/internal/server/reconaudit.go:201.21,202.11 1 0
github.com/fivetime/sbw-server/internal/server/reconaudit.go:202.11,204.3 1 0
github.com/fivetime/sbw-server/internal/server/reconaudit.go:205.2,205.10 1 0
github.com/fivetime/sbw-server/internal/server/scvr_provider.go:21.80,22.16 1 0
github.com/fivetime/sbw-server/internal/server/scvr_provider.go:23.36,25.13 2 0
github.com/fivetime/sbw-server/internal/server/scvr_provider.go:25.13,29.14 1 0
github.com/fivetime/sbw-server/internal/server/scvr_provider.go:29.14,31.5 1 0
github.com/fivetime/sbw-server/internal/server/scvr_provider.go:31.10,33.5 1 0
github.com/fivetime/sbw-server/internal/server/scvr_provider.go:34.9,39.25 1 0
github.com/fivetime/sbw-server/internal/server/scvr_provider.go:39.25,41.5 1 0
github.com/fivetime/sbw-server/internal/server/scvr_provider.go:42.4,42.49 1 0
github.com/fivetime/sbw-server/internal/server/scvr_provider.go:44.38,49.56 2 0
github.com/fivetime/sbw-server/internal/server/scvr_provider.go:49.56,51.4 1 0
github.com/fivetime/sbw-server/internal/server/scvr_provider.go:52.3,52.32 1 0
github.com/fivetime/sbw-server/internal/server/scvr_provider.go:53.37,59.28 1 0
github.com/fivetime/sbw-server/internal/server/scvr_provider.go:60.40,60.40 0 0
github.com/fivetime/sbw-server/internal/server/scvr_provider.go:65.2,65.12 1 0
github.com/fivetime/sbw-server/internal/server/scvr_provider.go:74.111,75.77 1 0
github.com/fivetime/sbw-server/internal/server/scvr_provider.go:75.77,77.3 1 0
github.com/fivetime/sbw-server/internal/server/scvr_provider.go:78.2,79.28 2 0
github.com/fivetime/sbw-server/internal/server/scvr_provider.go:79.28,80.69 1 0
github.com/fivetime/sbw-server/internal/server/scvr_provider.go:80.69,82.4 1 0
github.com/fivetime/sbw-server/internal/server/scvr_provider.go:84.2,85.29 2 0
github.com/fivetime/sbw-server/internal/server/scvr_provider.go:85.29,86.60 1 0
github.com/fivetime/sbw-server/internal/server/scvr_provider.go:86.60,88.4 1 0
github.com/fivetime/sbw-server/internal/server/scvr_provider.go:88.9,88.16 1 0
github.com/fivetime/sbw-server/internal/server/scvr_provider.go:88.16,89.47 1 0
github.com/fivetime/sbw-server/internal/server/scvr_provider.go:89.47,91.5 1 0
github.com/fivetime/sbw-server/internal/server/scvr_provider.go:94.2,94.18 1 0
github.com/fivetime/sbw-server/internal/server/servercoverer.go:34.56,34.89 1 0
github.com/fivetime/sbw-server/internal/server/servercoverer.go:41.98,42.77 1 0
github.com/fivetime/sbw-server/internal/server/servercoverer.go:42.77,44.3 1 0
github.com/fivetime/sbw-server/internal/server/servercoverer.go:45.2,46.21 2 0
github.com/fivetime/sbw-server/internal/server/servercoverer.go:46.21,48.3 1 0
github.com/fivetime/sbw-server/internal/server/servercoverer.go:49.2,54.12 4 0
github.com/fivetime/sbw-server/internal/server/servercoverer.go:54.12,57.3 2 0
github.com/fivetime/sbw-server/internal/server/servercoverer.go:61.2,63.6 2 0
github.com/fivetime/sbw-server/internal/server/servercoverer.go:63.6,64.10 1 0
github.com/fivetime/sbw-server/internal/server/servercoverer.go:65.21,66.20 1 0
github.com/fivetime/sbw-server/internal/server/servercoverer.go:67.25,68.11 1 0
github.com/fivetime/sbw-server/internal/server/servercoverer.go:68.11,70.5 1 0
github.com/fivetime/sbw-server/internal/server/servercoverer.go:71.4,71.57 1 0
github.com/fivetime/sbw-server/internal/server/servercoverer.go:71.57,74.5 2 0
github.com/fivetime/sbw-server/internal/server/servercoverer.go:84.105,86.12 2 0
github.com/fivetime/sbw-server/internal/server/servercoverer.go:86.12,86.38 1 0
github.com/fivetime/sbw-server/internal/server/servercoverer.go:87.2,89.9 3 0
github.com/fivetime/sbw-server/internal/server/servercoverer.go:90.21,91.13 1 0
github.com/fivetime/sbw-server/internal/server/servercoverer.go:92.13,93.24 1 0
github.com/fivetime/sbw-server/internal/server/servercoverer.go:100.77,102.6 2 0
github.com/fivetime/sbw-server/internal/server/servercoverer.go:102.6,104.20 2 0
github.com/fivetime/sbw-server/internal/server/servercoverer.go:104.20,106.4 1 0
github.com/fivetime/sbw-server/internal/server/servercoverer.go:107.3,107.17 1 0
github.com/fivetime/sbw-server/internal/server/servercoverer.go:107.17,109.4 1 0
github.com/fivetime/sbw-server/internal/server/servercoverer.go:110.3,110.50 1 0
github.com/fivetime/sbw-server/internal/server/servercoverer.go:110.50,112.4 1 0
github.com/fivetime/sbw-server/internal/server/servercoverer.go:118.112,120.2 1 0
github.com/fivetime/sbw-server/internal/server/servercoverer.go:127.73,130.45 3 0
github.com/fivetime/sbw-server/internal/server/servercoverer.go:130.45,132.3 1 0
github.com/fivetime/sbw-server/internal/server/servercoverer.go:133.2,140.10 5 0
github.com/fivetime/sbw-server/internal/server/servercoverer.go:147.74,151.43 4 0
github.com/fivetime/sbw-server/internal/server/servercoverer.go:151.43,155.3 3 0
github.com/fivetime/sbw-server/internal/server/servercoverer.go:156.2,157.13 2 0
github.com/fivetime/sbw-server/internal/server/servercoverer.go:157.13,161.3 1 0
github.com/fivetime/sbw-server/internal/server/servercoverer.go:171.83,174.26 3 0
github.com/fivetime/sbw-server/internal/server/servercoverer.go:174.26,175.25 1 0
github.com/fivetime/sbw-server/internal/server/servercoverer.go:175.25,177.4 1 0
github.com/fivetime/sbw-server/internal/server/servercoverer.go:178.3,178.54 1 0
github.com/fivetime/sbw-server/internal/server/servercoverer.go:178.54,180.4 1 0
github.com/fivetime/sbw-server/internal/server/servercoverer.go:190.95,193.16 3 0
github.com/fivetime/sbw-server/internal/server/servercoverer.go:193.16,196.3 2 0
github.com/fivetime/sbw-server/internal/server/servercoverer.go:197.2,198.23 2 0
github.com/fivetime/sbw-server/internal/server/servercoverer.go:198.23,200.3 1 0
github.com/fivetime/sbw-server/internal/server/servercoverer.go:201.2,203.28 3 0
github.com/fivetime/sbw-server/internal/server/servercoverer.go:203.28,205.3 1 0
github.com/fivetime/sbw-server/internal/server/servercoverer.go:206.2,206.12 1 0
